# JRE version: Java(TM) SE Runtime Environment (8.0_151-b12) (build 1.8.0_151-b12)
# Java VM: Java HotSpot(TM) 64-Bit Server VM (25.151-b12 mixed mode windows-amd64 compressed oops)
Heap:
 PSYoungGen      total 68096K, used 67824K [0x00000000d5980000, 0x00000000de380000, 0x0000000100000000)
  eden space 62976K, 100% used [0x00000000d5980000,0x00000000d9700000,0x00000000d9700000)
  from space 5120K, 94% used [0x00000000d9f80000,0x00000000da43c250,0x00000000da480000)
  to   space 8704K, 99% used [0x00000000d9700000,0x00000000d9f7af18,0x00000000d9f80000)
 ParOldGen       total 48640K, used 7101K [0x0000000080c00000, 0x0000000083b80000, 0x00000000d5980000)
  object space 48640K, 14% used [0x0000000080c00000,0x00000000812f3ef0,0x0000000083b80000)
 Metaspace       used 27982K, capacity 28808K, committed 28928K, reserved 1075200K
  class space    used 3598K, capacity 3784K, committed 3840K, reserved 1048576K
GC Heap History (10 events):
Event: 2.465 GC heap after
Heap after GC invocations=3 (full 0):
 PSYoungGen      total 71680K, used 5098K [0x00000000d5980000, 0x00000000da480000, 0x0000000100000000)
  eden space 66560K, 0% used [0x00000000d5980000,0x00000000d5980000,0x00000000d9a80000)
  from space 5120K, 99% used [0x00000000d9a80000,0x00000000d9f7a810,0x00000000d9f80000)
  to   space 5120K, 0% used [0x00000000d9f80000,0x00000000d9f80000,0x00000000da480000)
 ParOldGen       total 87552K, used 2027K [0x0000000080c00000, 0x0000000086180000, 0x00000000d5980000)
  object space 87552K, 2% used [0x0000000080c00000,0x0000000080dfad30,0x0000000086180000)
 Metaspace       used 16027K, capacity 16444K, committed 16768K, reserved 1064960K
  class space    used 1975K, capacity 2074K, committed 2176K, reserved 1048576K
}
Event: 2.911 GC heap before
{Heap before GC invocations=4 (full 0):
 PSYoungGen      total 71680K, used 71658K [0x00000000d5980000, 0x00000000da480000, 0x0000000100000000)
  eden space 66560K, 100% used [0x00000000d5980000,0x00000000d9a80000,0x00000000d9a80000)
  from space 5120K, 99% used [0x00000000d9a80000,0x00000000d9f7a810,0x00000000d9f80000)
  to   space 5120K, 0% used [0x00000000d9f80000,0x00000000d9f80000,0x00000000da480000)
 ParOldGen       total 87552K, used 2027K [0x0000000080c00000, 0x0000000086180000, 0x00000000d5980000)
  object space 87552K, 2% used [0x0000000080c00000,0x0000000080dfad30,0x0000000086180000)
 Metaspace       used 19324K, capacity 19900K, committed 20096K, reserved 1067008K
  class space    used 2486K, capacity 2622K, committed 2688K, reserved 1048576K
Event: 2.970 GC heap after
Heap after GC invocations=4 (full 0):
 PSYoungGen      total 71680K, used 5115K [0x00000000d5980000, 0x00000000da480000, 0x0000000100000000)
  eden space 66560K, 0% used [0x00000000d5980000,0x00000000d5980000,0x00000000d9a80000)
  from space 5120K, 99% used [0x00000000d9f80000,0x00000000da47ecb0,0x00000000da480000)
  to   space 5120K, 0% used [0x00000000d9a80000,0x00000000d9a80000,0x00000000d9f80000)
 ParOldGen       total 87552K, used 4327K [0x0000000080c00000, 0x0000000086180000, 0x00000000d5980000)
  object space 87552K, 4% used [0x0000000080c00000,0x0000000081039c38,0x0000000086180000)
 Metaspace       used 19324K, capacity 19900K, committed 20096K, reserved 1067008K
  class space    used 2486K, capacity 2622K, committed 2688K, reserved 1048576K
}
Event: 3.056 GC heap before
{Heap before GC invocations=5 (full 0):
 PSYoungGen      total 71680K, used 27663K [0x00000000d5980000, 0x00000000da480000, 0x0000000100000000)
  eden space 66560K, 33% used [0x00000000d5980000,0x00000000d6f851f8,0x00000000d9a80000)
  from space 5120K, 99% used [0x00000000d9f80000,0x00000000da47ecb0,0x00000000da480000)
  to   space 5120K, 0% used [0x00000000d9a80000,0x00000000d9a80000,0x00000000d9f80000)
 ParOldGen       total 87552K, used 4327K [0x0000000080c00000, 0x0000000086180000, 0x00000000d5980000)
  object space 87552K, 4% used [0x0000000080c00000,0x0000000081039c38,0x0000000086180000)
 Metaspace       used 20640K, capacity 21194K, committed 21248K, reserved 1067008K
  class space    used 2631K, capacity 2793K, committed 2816K, reserved 1048576K
Event: 3.074 GC heap after
Heap after GC invocations=5 (full 0):
 PSYoungGen      total 71680K, used 5104K [0x00000000d5980000, 0x00000000da480000, 0x0000000100000000)
  eden space 66560K, 0% used [0x00000000d5980000,0x00000000d5980000,0x00000000d9a80000)
  from space 5120K, 99% used [0x00000000d9a80000,0x00000000d9f7c210,0x00000000d9f80000)
  to   space 5120K, 0% used [0x00000000d9f80000,0x00000000d9f80000,0x00000000da480000)
 ParOldGen       total 87552K, used 5892K [0x0000000080c00000, 0x0000000086180000, 0x00000000d5980000)
  object space 87552K, 6% used [0x0000000080c00000,0x00000000811c1270,0x0000000086180000)
 Metaspace       used 20640K, capacity 21194K, committed 21248K, reserved 1067008K
  class space    used 2631K, capacity 2793K, committed 2816K, reserved 1048576K
}
Event: 3.074 GC heap before
{Heap before GC invocations=6 (full 1):
 PSYoungGen      total 71680K, used 5104K [0x00000000d5980000, 0x00000000da480000, 0x0000000100000000)
  eden space 66560K, 0% used [0x00000000d5980000,0x00000000d5980000,0x00000000d9a80000)
  from space 5120K, 99% used [0x00000000d9a80000,0x00000000d9f7c210,0x00000000d9f80000)
  to   space 5120K, 0% used [0x00000000d9f80000,0x00000000d9f80000,0x00000000da480000)
 ParOldGen       total 87552K, used 5892K [0x0000000080c00000, 0x0000000086180000, 0x00000000d5980000)
  object space 87552K, 6% used [0x0000000080c00000,0x00000000811c1270,0x0000000086180000)
 Metaspace       used 20640K, capacity 21194K, committed 21248K, reserved 1067008K
  class space    used 2631K, capacity 2793K, committed 2816K, reserved 1048576K
Event: 3.117 GC heap after
Heap after GC invocations=6 (full 1):
 PSYoungGen      total 71680K, used 0K [0x00000000d5980000, 0x00000000da480000, 0x0000000100000000)
  eden space 66560K, 0% used [0x00000000d5980000,0x00000000d5980000,0x00000000d9a80000)
  from space 5120K, 0% used [0x00000000d9a80000,0x00000000d9a80000,0x00000000d9f80000)
  to   space 5120K, 0% used [0x00000000d9f80000,0x00000000d9f80000,0x00000000da480000)
 ParOldGen       total 48640K, used 6766K [0x0000000080c00000, 0x0000000083b80000, 0x00000000d5980000)
  object space 48640K, 13% used [0x0000000080c00000,0x000000008129b9f8,0x0000000083b80000)
 Metaspace       used 20640K, capacity 21194K, committed 21248K, reserved 1067008K
  class space    used 2631K, capacity 2793K, committed 2816K, reserved 1048576K
}
Event: 3.512 GC heap before
{Heap before GC invocations=7 (full 1):
 PSYoungGen      total 71680K, used 66560K [0x00000000d5980000, 0x00000000da480000, 0x0000000100000000)
  eden space 66560K, 100% used [0x00000000d5980000,0x00000000d9a80000,0x00000000d9a80000)
  from space 5120K, 0% used [0x00000000d9a80000,0x00000000d9a80000,0x00000000d9f80000)
  to   space 5120K, 0% used [0x00000000d9f80000,0x00000000d9f80000,0x00000000da480000)
 ParOldGen       total 48640K, used 6766K [0x0000000080c00000, 0x0000000083b80000, 0x00000000d5980000)
  object space 48640K, 13% used [0x0000000080c00000,0x000000008129b9f8,0x0000000083b80000)
 Metaspace       used 24328K, capacity 24974K, committed 25088K, reserved 1071104K
  class space    used 3112K, capacity 3293K, committed 3328K, reserved 1048576K
Event: 3.584 GC heap after
Heap after GC invocations=7 (full 1):
 PSYoungGen      total 68096K, used 4848K [0x00000000d5980000, 0x00000000de380000, 0x0000000100000000)
  eden space 62976K, 0% used [0x00000000d5980000,0x00000000d5980000,0x00000000d9700000)
  from space 5120K, 94% used [0x00000000d9f80000,0x00000000da43c250,0x00000000da480000)
  to   space 8704K, 0% used [0x00000000d9700000,0x00000000d9700000,0x00000000d9f80000)
 ParOldGen       total 48640K, used 6766K [0x0000000080c00000, 0x0000000083b80000, 0x00000000d5980000)
  object space 48640K, 13% used [0x0000000080c00000,0x000000008129b9f8,0x0000000083b80000)
 Metaspace       used 24328K, capacity 24974K, committed 25088K, reserved 1071104K
  class space    used 3112K, capacity 3293K, committed 3328K, reserved 1048576K
}
Event: 4.830 GC heap before
{Heap before GC invocations=8 (full 1):
 PSYoungGen      total 68096K, used 67824K [0x00000000d5980000, 0x00000000de380000, 0x0000000100000000)
  eden space 62976K, 100% used [0x00000000d5980000,0x00000000d9700000,0x00000000d9700000)
  from space 5120K, 94% used [0x00000000d9f80000,0x00000000da43c250,0x00000000da480000)
  to   space 8704K, 0% used [0x00000000d9700000,0x00000000d9700000,0x00000000d9f80000)
 ParOldGen       total 48640K, used 6766K [0x0000000080c00000, 0x0000000083b80000, 0x00000000d5980000)
  object space 48640K, 13% used [0x0000000080c00000,0x000000008129b9f8,0x0000000083b80000)
 Metaspace       used 27982K, capacity 28808K, committed 28928K, reserved 1075200K
  class space    used 3598K, capacity 3784K, committed 3840K, reserved 1048576K

