# JRE version: Java(TM) SE Runtime Environment (8.0_151-b12) (build 1.8.0_151-b12)
# Java VM: Java HotSpot(TM) 64-Bit Server VM (25.151-b12 mixed mode windows-amd64 compressed oops)
Heap:
 PSYoungGen      total 248320K, used 85701K [0x00000000d5980000, 0x00000000e6e80000, 0x0000000100000000)
  eden space 236032K, 36% used [0x00000000d5980000,0x00000000dad31500,0x00000000e4000000)
  from space 12288K, 0% used [0x00000000e5680000,0x00000000e5680000,0x00000000e6280000)
  to   space 8704K, 0% used [0x00000000e6600000,0x00000000e6600000,0x00000000e6e80000)
 ParOldGen       total 119296K, used 47728K [0x0000000080c00000, 0x0000000088080000, 0x00000000d5980000)
  object space 119296K, 40% used [0x0000000080c00000,0x0000000083a9c3f0,0x0000000088080000)
 Metaspace       used 58323K, capacity 60050K, committed 60312K, reserved 1101824K
  class space    used 6864K, capacity 7193K, committed 7216K, reserved 1048576K
GC Heap History (10 events):
Event: 13.205 GC heap before
{Heap before GC invocations=12 (full 2):
 PSYoungGen      total 248320K, used 246768K [0x00000000d5980000, 0x00000000e6e80000, 0x0000000100000000)
  eden space 236032K, 100% used [0x00000000d5980000,0x00000000e4000000,0x00000000e4000000)
  from space 12288K, 87% used [0x00000000e5680000,0x00000000e60fc010,0x00000000e6280000)
  to   space 8704K, 0% used [0x00000000e6600000,0x00000000e6600000,0x00000000e6e80000)
 ParOldGen       total 86016K, used 29127K [0x0000000080c00000, 0x0000000086000000, 0x00000000d5980000)
  object space 86016K, 33% used [0x0000000080c00000,0x0000000082871ea8,0x0000000086000000)
 Metaspace       used 47647K, capacity 48998K, committed 49200K, reserved 1091584K
  class space    used 5928K, capacity 6183K, committed 6192K, reserved 1048576K
Event: 13.270 GC heap after
Heap after GC invocations=12 (full 2):
 PSYoungGen      total 244736K, used 8684K [0x00000000d5980000, 0x00000000e6e80000, 0x0000000100000000)
  eden space 236032K, 0% used [0x00000000d5980000,0x00000000d5980000,0x00000000e4000000)
  from space 8704K, 99% used [0x00000000e6600000,0x00000000e6e7b348,0x00000000e6e80000)
  to   space 12288K, 0% used [0x00000000e5680000,0x00000000e5680000,0x00000000e6280000)
 ParOldGen       total 86016K, used 41608K [0x0000000080c00000, 0x0000000086000000, 0x00000000d5980000)
  object space 86016K, 48% used [0x0000000080c00000,0x00000000834a22a0,0x0000000086000000)
 Metaspace       used 47647K, capacity 48998K, committed 49200K, reserved 1091584K
  class space    used 5928K, capacity 6183K, committed 6192K, reserved 1048576K
}
Event: 15.360 GC heap before
{Heap before GC invocations=13 (full 2):
 PSYoungGen      total 244736K, used 244716K [0x00000000d5980000, 0x00000000e6e80000, 0x0000000100000000)
  eden space 236032K, 100% used [0x00000000d5980000,0x00000000e4000000,0x00000000e4000000)
  from space 8704K, 99% used [0x00000000e6600000,0x00000000e6e7b348,0x00000000e6e80000)
  to   space 12288K, 0% used [0x00000000e5680000,0x00000000e5680000,0x00000000e6280000)
 ParOldGen       total 86016K, used 41608K [0x0000000080c00000, 0x0000000086000000, 0x00000000d5980000)
  object space 86016K, 48% used [0x0000000080c00000,0x00000000834a22a0,0x0000000086000000)
 Metaspace       used 54659K, capacity 56192K, committed 56496K, reserved 1099776K
  class space    used 6528K, capacity 6822K, committed 6832K, reserved 1048576K
Event: 15.392 GC heap after
Heap after GC invocations=13 (full 2):
 PSYoungGen      total 248320K, used 7670K [0x00000000d5980000, 0x00000000e6e80000, 0x0000000100000000)
  eden space 236032K, 0% used [0x00000000d5980000,0x00000000d5980000,0x00000000e4000000)
  from space 12288K, 62% used [0x00000000e5680000,0x00000000e5dfda08,0x00000000e6280000)
  to   space 8704K, 0% used [0x00000000e6600000,0x00000000e6600000,0x00000000e6e80000)
 ParOldGen       total 86016K, used 50253K [0x0000000080c00000, 0x0000000086000000, 0x00000000d5980000)
  object space 86016K, 58% used [0x0000000080c00000,0x0000000083d13648,0x0000000086000000)
 Metaspace       used 54659K, capacity 56192K, committed 56496K, reserved 1099776K
  class space    used 6528K, capacity 6822K, committed 6832K, reserved 1048576K
}
Event: 17.371 GC heap before
{Heap before GC invocations=14 (full 2):
 PSYoungGen      total 248320K, used 243702K [0x00000000d5980000, 0x00000000e6e80000, 0x0000000100000000)
  eden space 236032K, 100% used [0x00000000d5980000,0x00000000e4000000,0x00000000e4000000)
  from space 12288K, 62% used [0x00000000e5680000,0x00000000e5dfda08,0x00000000e6280000)
  to   space 8704K, 0% used [0x00000000e6600000,0x00000000e6600000,0x00000000e6e80000)
 ParOldGen       total 86016K, used 50253K [0x0000000080c00000, 0x0000000086000000, 0x00000000d5980000)
  object space 86016K, 58% used [0x0000000080c00000,0x0000000083d13648,0x0000000086000000)
 Metaspace       used 56215K, capacity 57806K, committed 57904K, reserved 1099776K
  class space    used 6619K, capacity 6919K, committed 6960K, reserved 1048576K
Event: 17.422 GC heap after
Heap after GC invocations=14 (full 2):
 PSYoungGen      total 244736K, used 4816K [0x00000000d5980000, 0x00000000e6e80000, 0x0000000100000000)
  eden space 236032K, 0% used [0x00000000d5980000,0x00000000d5980000,0x00000000e4000000)
  from space 8704K, 55% used [0x00000000e6600000,0x00000000e6ab4050,0x00000000e6e80000)
  to   space 12288K, 0% used [0x00000000e5680000,0x00000000e5680000,0x00000000e6280000)
 ParOldGen       total 86016K, used 54586K [0x0000000080c00000, 0x0000000086000000, 0x00000000d5980000)
  object space 86016K, 63% used [0x0000000080c00000,0x000000008414e8c0,0x0000000086000000)
 Metaspace       used 56215K, capacity 57806K, committed 57904K, reserved 1099776K
  class space    used 6619K, capacity 6919K, committed 6960K, reserved 1048576K
}
Event: 18.305 GC heap before
{Heap before GC invocations=15 (full 2):
 PSYoungGen      total 244736K, used 132602K [0x00000000d5980000, 0x00000000e6e80000, 0x0000000100000000)
  eden space 236032K, 54% used [0x00000000d5980000,0x00000000dd64a998,0x00000000e4000000)
  from space 8704K, 55% used [0x00000000e6600000,0x00000000e6ab4050,0x00000000e6e80000)
  to   space 12288K, 0% used [0x00000000e5680000,0x00000000e5680000,0x00000000e6280000)
 ParOldGen       total 86016K, used 54586K [0x0000000080c00000, 0x0000000086000000, 0x00000000d5980000)
  object space 86016K, 63% used [0x0000000080c00000,0x000000008414e8c0,0x0000000086000000)
 Metaspace       used 57517K, capacity 59060K, committed 59160K, reserved 1101824K
  class space    used 6762K, capacity 7054K, committed 7088K, reserved 1048576K
Event: 18.347 GC heap after
Heap after GC invocations=15 (full 2):
 PSYoungGen      total 248320K, used 3241K [0x00000000d5980000, 0x00000000e6e80000, 0x0000000100000000)
  eden space 236032K, 0% used [0x00000000d5980000,0x00000000d5980000,0x00000000e4000000)
  from space 12288K, 26% used [0x00000000e5680000,0x00000000e59aa720,0x00000000e6280000)
  to   space 8704K, 0% used [0x00000000e6600000,0x00000000e6600000,0x00000000e6e80000)
 ParOldGen       total 86016K, used 59250K [0x0000000080c00000, 0x0000000086000000, 0x00000000d5980000)
  object space 86016K, 68% used [0x0000000080c00000,0x00000000845dc930,0x0000000086000000)
 Metaspace       used 57517K, capacity 59060K, committed 59160K, reserved 1101824K
  class space    used 6762K, capacity 7054K, committed 7088K, reserved 1048576K
}
Event: 18.347 GC heap before
{Heap before GC invocations=16 (full 3):
 PSYoungGen      total 248320K, used 3241K [0x00000000d5980000, 0x00000000e6e80000, 0x0000000100000000)
  eden space 236032K, 0% used [0x00000000d5980000,0x00000000d5980000,0x00000000e4000000)
  from space 12288K, 26% used [0x00000000e5680000,0x00000000e59aa720,0x00000000e6280000)
  to   space 8704K, 0% used [0x00000000e6600000,0x00000000e6600000,0x00000000e6e80000)
 ParOldGen       total 86016K, used 59250K [0x0000000080c00000, 0x0000000086000000, 0x00000000d5980000)
  object space 86016K, 68% used [0x0000000080c00000,0x00000000845dc930,0x0000000086000000)
 Metaspace       used 57517K, capacity 59060K, committed 59160K, reserved 1101824K
  class space    used 6762K, capacity 7054K, committed 7088K, reserved 1048576K
Event: 18.562 GC heap after
Heap after GC invocations=16 (full 3):
 PSYoungGen      total 248320K, used 0K [0x00000000d5980000, 0x00000000e6e80000, 0x0000000100000000)
  eden space 236032K, 0% used [0x00000000d5980000,0x00000000d5980000,0x00000000e4000000)
  from space 12288K, 0% used [0x00000000e5680000,0x00000000e5680000,0x00000000e6280000)
  to   space 8704K, 0% used [0x00000000e6600000,0x00000000e6600000,0x00000000e6e80000)
 ParOldGen       total 119296K, used 47728K [0x0000000080c00000, 0x0000000088080000, 0x00000000d5980000)
  object space 119296K, 40% used [0x0000000080c00000,0x0000000083a9c3f0,0x0000000088080000)
 Metaspace       used 57517K, capacity 59060K, committed 59160K, reserved 1101824K
  class space    used 6762K, capacity 7054K, committed 7088K, reserved 1048576K
}

