# JRE version: Java(TM) SE Runtime Environment (8.0_151-b12) (build 1.8.0_151-b12)
# Java VM: Java HotSpot(TM) 64-Bit Server VM (25.151-b12 mixed mode windows-amd64 compressed oops)
Heap:
 PSYoungGen      total 435200K, used 35779K [0x00000000d5980000, 0x00000000f8300000, 0x0000000100000000)
  eden space 417280K, 8% used [0x00000000d5980000,0x00000000d7c70cf8,0x00000000ef100000)
  from space 17920K, 0% used [0x00000000ef100000,0x00000000ef100000,0x00000000f0280000)
  to   space 17408K, 0% used [0x00000000f7200000,0x00000000f7200000,0x00000000f8300000)
 ParOldGen       total 129024K, used 47738K [0x0000000080c00000, 0x0000000088a00000, 0x00000000d5980000)
  object space 129024K, 36% used [0x0000000080c00000,0x0000000083a9eac0,0x0000000088a00000)
 Metaspace       used 57791K, capacity 59472K, committed 59540K, reserved 1101824K
  class space    used 6810K, capacity 7094K, committed 7128K, reserved 1048576K
GC Heap History (10 events):
Event: 6.534 GC heap before
{Heap before GC invocations=12 (full 2):
 PSYoungGen      total 251904K, used 235520K [0x00000000d5980000, 0x00000000ed080000, 0x0000000100000000)
  eden space 235520K, 100% used [0x00000000d5980000,0x00000000e3f80000,0x00000000e3f80000)
  from space 16384K, 0% used [0x00000000e3f80000,0x00000000e3f80000,0x00000000e4f80000)
  to   space 18432K, 0% used [0x00000000ebe80000,0x00000000ebe80000,0x00000000ed080000)
 ParOldGen       total 83968K, used 23398K [0x0000000080c00000, 0x0000000085e00000, 0x00000000d5980000)
  object space 83968K, 27% used [0x0000000080c00000,0x00000000822d9848,0x0000000085e00000)
 Metaspace       used 41372K, capacity 42450K, committed 42712K, reserved 1087488K
  class space    used 5263K, capacity 5479K, committed 5592K, reserved 1048576K
Event: 6.544 GC heap after
Heap after GC invocations=12 (full 2):
 PSYoungGen      total 326656K, used 9866K [0x00000000d5980000, 0x00000000ec880000, 0x0000000100000000)
  eden space 316416K, 0% used [0x00000000d5980000,0x00000000d5980000,0x00000000e8e80000)
  from space 10240K, 96% used [0x00000000ebe80000,0x00000000ec822a68,0x00000000ec880000)
  to   space 17920K, 0% used [0x00000000ea580000,0x00000000ea580000,0x00000000eb700000)
 ParOldGen       total 83968K, used 23398K [0x0000000080c00000, 0x0000000085e00000, 0x00000000d5980000)
  object space 83968K, 27% used [0x0000000080c00000,0x00000000822d9848,0x0000000085e00000)
 Metaspace       used 41372K, capacity 42450K, committed 42712K, reserved 1087488K
  class space    used 5263K, capacity 5479K, committed 5592K, reserved 1048576K
}
Event: 7.718 GC heap before
{Heap before GC invocations=13 (full 2):
 PSYoungGen      total 326656K, used 326282K [0x00000000d5980000, 0x00000000ec880000, 0x0000000100000000)
  eden space 316416K, 100% used [0x00000000d5980000,0x00000000e8e80000,0x00000000e8e80000)
  from space 10240K, 96% used [0x00000000ebe80000,0x00000000ec822a68,0x00000000ec880000)
  to   space 17920K, 0% used [0x00000000ea580000,0x00000000ea580000,0x00000000eb700000)
 ParOldGen       total 83968K, used 23398K [0x0000000080c00000, 0x0000000085e00000, 0x00000000d5980000)
  object space 83968K, 27% used [0x0000000080c00000,0x00000000822d9848,0x0000000085e00000)
 Metaspace       used 44243K, capacity 45650K, committed 45912K, reserved 1089536K
  class space    used 5565K, capacity 5851K, committed 5976K, reserved 1048576K
Event: 7.739 GC heap after
Heap after GC invocations=13 (full 2):
 PSYoungGen      total 357888K, used 9906K [0x00000000d5980000, 0x00000000f1380000, 0x0000000100000000)
  eden space 339968K, 0% used [0x00000000d5980000,0x00000000d5980000,0x00000000ea580000)
  from space 17920K, 55% used [0x00000000ea580000,0x00000000eaf2c8b0,0x00000000eb700000)
  to   space 17408K, 0% used [0x00000000f0280000,0x00000000f0280000,0x00000000f1380000)
 ParOldGen       total 83968K, used 28790K [0x0000000080c00000, 0x0000000085e00000, 0x00000000d5980000)
  object space 83968K, 34% used [0x0000000080c00000,0x000000008281d8b8,0x0000000085e00000)
 Metaspace       used 44243K, capacity 45650K, committed 45912K, reserved 1089536K
  class space    used 5565K, capacity 5851K, committed 5976K, reserved 1048576K
}
Event: 10.271 GC heap before
{Heap before GC invocations=14 (full 2):
 PSYoungGen      total 357888K, used 349874K [0x00000000d5980000, 0x00000000f1380000, 0x0000000100000000)
  eden space 339968K, 100% used [0x00000000d5980000,0x00000000ea580000,0x00000000ea580000)
  from space 17920K, 55% used [0x00000000ea580000,0x00000000eaf2c8b0,0x00000000eb700000)
  to   space 17408K, 0% used [0x00000000f0280000,0x00000000f0280000,0x00000000f1380000)
 ParOldGen       total 83968K, used 28790K [0x0000000080c00000, 0x0000000085e00000, 0x00000000d5980000)
  object space 83968K, 34% used [0x0000000080c00000,0x000000008281d8b8,0x0000000085e00000)
 Metaspace       used 54183K, capacity 55624K, committed 56024K, reserved 1097728K
  class space    used 6498K, capacity 6778K, committed 6872K, reserved 1048576K
Event: 10.324 GC heap after
Heap after GC invocations=14 (full 2):
 PSYoungGen      total 434688K, used 12540K [0x00000000d5980000, 0x00000000f2d80000, 0x0000000100000000)
  eden space 417280K, 0% used [0x00000000d5980000,0x00000000d5980000,0x00000000ef100000)
  from space 17408K, 72% used [0x00000000f0280000,0x00000000f0ebf348,0x00000000f1380000)
  to   space 17920K, 0% used [0x00000000ef100000,0x00000000ef100000,0x00000000f0280000)
 ParOldGen       total 83968K, used 36546K [0x0000000080c00000, 0x0000000085e00000, 0x00000000d5980000)
  object space 83968K, 43% used [0x0000000080c00000,0x0000000082fb0918,0x0000000085e00000)
 Metaspace       used 54183K, capacity 55624K, committed 56024K, reserved 1097728K
  class space    used 6498K, capacity 6778K, committed 6872K, reserved 1048576K
}
Event: 12.971 GC heap before
{Heap before GC invocations=15 (full 2):
 PSYoungGen      total 434688K, used 418816K [0x00000000d5980000, 0x00000000f2d80000, 0x0000000100000000)
  eden space 417280K, 97% used [0x00000000d5980000,0x00000000ee640ee0,0x00000000ef100000)
  from space 17408K, 72% used [0x00000000f0280000,0x00000000f0ebf348,0x00000000f1380000)
  to   space 17920K, 0% used [0x00000000ef100000,0x00000000ef100000,0x00000000f0280000)
 ParOldGen       total 83968K, used 36546K [0x0000000080c00000, 0x0000000085e00000, 0x00000000d5980000)
  object space 83968K, 43% used [0x0000000080c00000,0x0000000082fb0918,0x0000000085e00000)
 Metaspace       used 57401K, capacity 58952K, committed 59028K, reserved 1101824K
  class space    used 6763K, capacity 7060K, committed 7128K, reserved 1048576K
Event: 12.996 GC heap after
Heap after GC invocations=15 (full 2):
 PSYoungGen      total 435200K, used 8809K [0x00000000d5980000, 0x00000000f8300000, 0x0000000100000000)
  eden space 417280K, 0% used [0x00000000d5980000,0x00000000d5980000,0x00000000ef100000)
  from space 17920K, 49% used [0x00000000ef100000,0x00000000ef99a6f0,0x00000000f0280000)
  to   space 17408K, 0% used [0x00000000f7200000,0x00000000f7200000,0x00000000f8300000)
 ParOldGen       total 83968K, used 42923K [0x0000000080c00000, 0x0000000085e00000, 0x00000000d5980000)
  object space 83968K, 51% used [0x0000000080c00000,0x00000000835eafe8,0x0000000085e00000)
 Metaspace       used 57401K, capacity 58952K, committed 59028K, reserved 1101824K
  class space    used 6763K, capacity 7060K, committed 7128K, reserved 1048576K
}
Event: 12.996 GC heap before
{Heap before GC invocations=16 (full 3):
 PSYoungGen      total 435200K, used 8809K [0x00000000d5980000, 0x00000000f8300000, 0x0000000100000000)
  eden space 417280K, 0% used [0x00000000d5980000,0x00000000d5980000,0x00000000ef100000)
  from space 17920K, 49% used [0x00000000ef100000,0x00000000ef99a6f0,0x00000000f0280000)
  to   space 17408K, 0% used [0x00000000f7200000,0x00000000f7200000,0x00000000f8300000)
 ParOldGen       total 83968K, used 42923K [0x0000000080c00000, 0x0000000085e00000, 0x00000000d5980000)
  object space 83968K, 51% used [0x0000000080c00000,0x00000000835eafe8,0x0000000085e00000)
 Metaspace       used 57401K, capacity 58952K, committed 59028K, reserved 1101824K
  class space    used 6763K, capacity 7060K, committed 7128K, reserved 1048576K
Event: 13.218 GC heap after
Heap after GC invocations=16 (full 3):
 PSYoungGen      total 435200K, used 0K [0x00000000d5980000, 0x00000000f8300000, 0x0000000100000000)
  eden space 417280K, 0% used [0x00000000d5980000,0x00000000d5980000,0x00000000ef100000)
  from space 17920K, 0% used [0x00000000ef100000,0x00000000ef100000,0x00000000f0280000)
  to   space 17408K, 0% used [0x00000000f7200000,0x00000000f7200000,0x00000000f8300000)
 ParOldGen       total 129024K, used 47738K [0x0000000080c00000, 0x0000000088a00000, 0x00000000d5980000)
  object space 129024K, 36% used [0x0000000080c00000,0x0000000083a9eac0,0x0000000088a00000)
 Metaspace       used 57401K, capacity 58952K, committed 59028K, reserved 1101824K
  class space    used 6763K, capacity 7060K, committed 7128K, reserved 1048576K
}

