# JRE version: Java(TM) SE Runtime Environment (8.0_151-b12) (build 1.8.0_151-b12)
# Java VM: Java HotSpot(TM) 64-Bit Server VM (25.151-b12 mixed mode windows-amd64 compressed oops)
Heap:
 PSYoungGen      total 652800K, used 108660K [0x00000000d5980000, 0x00000000ff480000, 0x0000000100000000)
  eden space 629248K, 14% used [0x00000000d5980000,0x00000000db593a00,0x00000000fc000000)
  from space 23552K, 61% used [0x00000000fd700000,0x00000000fe509848,0x00000000fee00000)
  to   space 23552K, 0% used [0x00000000fc000000,0x00000000fc000000,0x00000000fd700000)
 ParOldGen       total 132608K, used 47754K [0x0000000080c00000, 0x0000000088d80000, 0x00000000d5980000)
  object space 132608K, 36% used [0x0000000080c00000,0x0000000083aa29c0,0x0000000088d80000)
 Metaspace       used 64224K, capacity 66144K, committed 66224K, reserved 1107968K
  class space    used 7714K, capacity 8048K, committed 8112K, reserved 1048576K
GC Heap History (10 events):
Event: 13.231 GC heap before
{Heap before GC invocations=11 (full 2):
 PSYoungGen      total 386560K, used 376826K [0x00000000d5980000, 0x00000000f1e00000, 0x0000000100000000)
  eden space 366592K, 100% used [0x00000000d5980000,0x00000000ebf80000,0x00000000ebf80000)
  from space 19968K, 51% used [0x00000000ed200000,0x00000000edbfe830,0x00000000ee580000)
  to   space 18944K, 0% used [0x00000000ebf80000,0x00000000ebf80000,0x00000000ed200000)
 ParOldGen       total 93184K, used 27905K [0x0000000080c00000, 0x0000000086700000, 0x00000000d5980000)
  object space 93184K, 29% used [0x0000000080c00000,0x0000000082740720,0x0000000086700000)
 Metaspace       used 46354K, capacity 47808K, committed 48048K, reserved 1091584K
  class space    used 5763K, capacity 6020K, committed 6064K, reserved 1048576K
Event: 13.275 GC heap after
Heap after GC invocations=11 (full 2):
 PSYoungGen      total 385536K, used 18248K [0x00000000d5980000, 0x00000000f6880000, 0x0000000100000000)
  eden space 366592K, 0% used [0x00000000d5980000,0x00000000d5980000,0x00000000ebf80000)
  from space 18944K, 96% used [0x00000000ebf80000,0x00000000ed152360,0x00000000ed200000)
  to   space 21504K, 0% used [0x00000000f5380000,0x00000000f5380000,0x00000000f6880000)
 ParOldGen       total 93184K, used 27913K [0x0000000080c00000, 0x0000000086700000, 0x00000000d5980000)
  object space 93184K, 29% used [0x0000000080c00000,0x0000000082742720,0x0000000086700000)
 Metaspace       used 46354K, capacity 47808K, committed 48048K, reserved 1091584K
  class space    used 5763K, capacity 6020K, committed 6064K, reserved 1048576K
}
Event: 18.891 GC heap before
{Heap before GC invocations=12 (full 2):
 PSYoungGen      total 385536K, used 384840K [0x00000000d5980000, 0x00000000f6880000, 0x0000000100000000)
  eden space 366592K, 100% used [0x00000000d5980000,0x00000000ebf80000,0x00000000ebf80000)
  from space 18944K, 96% used [0x00000000ebf80000,0x00000000ed152360,0x00000000ed200000)
  to   space 21504K, 0% used [0x00000000f5380000,0x00000000f5380000,0x00000000f6880000)
 ParOldGen       total 93184K, used 27913K [0x0000000080c00000, 0x0000000086700000, 0x00000000d5980000)
  object space 93184K, 29% used [0x0000000080c00000,0x0000000082742720,0x0000000086700000)
 Metaspace       used 54973K, capacity 56504K, committed 56752K, reserved 1099776K
  class space    used 6541K, capacity 6830K, committed 6832K, reserved 1048576K
Event: 18.990 GC heap after
Heap after GC invocations=12 (full 2):
 PSYoungGen      total 506368K, used 19860K [0x00000000d5980000, 0x00000000f6700000, 0x0000000100000000)
  eden space 486400K, 0% used [0x00000000d5980000,0x00000000d5980000,0x00000000f3480000)
  from space 19968K, 99% used [0x00000000f5380000,0x00000000f66e5290,0x00000000f6700000)
  to   space 24064K, 0% used [0x00000000f3800000,0x00000000f3800000,0x00000000f4f80000)
 ParOldGen       total 93184K, used 33593K [0x0000000080c00000, 0x0000000086700000, 0x00000000d5980000)
  object space 93184K, 36% used [0x0000000080c00000,0x0000000082cce780,0x0000000086700000)
 Metaspace       used 54973K, capacity 56504K, committed 56752K, reserved 1099776K
  class space    used 6541K, capacity 6830K, committed 6832K, reserved 1048576K
}
Event: 21.495 GC heap before
{Heap before GC invocations=13 (full 2):
 PSYoungGen      total 506368K, used 337824K [0x00000000d5980000, 0x00000000f6700000, 0x0000000100000000)
  eden space 486400K, 65% used [0x00000000d5980000,0x00000000e9003108,0x00000000f3480000)
  from space 19968K, 99% used [0x00000000f5380000,0x00000000f66e5290,0x00000000f6700000)
  to   space 24064K, 0% used [0x00000000f3800000,0x00000000f3800000,0x00000000f4f80000)
 ParOldGen       total 93184K, used 33593K [0x0000000080c00000, 0x0000000086700000, 0x00000000d5980000)
  object space 93184K, 36% used [0x0000000080c00000,0x0000000082cce780,0x0000000086700000)
 Metaspace       used 57512K, capacity 59100K, committed 59160K, reserved 1101824K
  class space    used 6759K, capacity 7086K, committed 7088K, reserved 1048576K
Event: 21.519 GC heap after
Heap after GC invocations=13 (full 2):
 PSYoungGen      total 514048K, used 7097K [0x00000000d5980000, 0x00000000fee00000, 0x0000000100000000)
  eden space 489984K, 0% used [0x00000000d5980000,0x00000000d5980000,0x00000000f3800000)
  from space 24064K, 29% used [0x00000000f3800000,0x00000000f3eee770,0x00000000f4f80000)
  to   space 23552K, 0% used [0x00000000fd700000,0x00000000fd700000,0x00000000fee00000)
 ParOldGen       total 93184K, used 48811K [0x0000000080c00000, 0x0000000086700000, 0x00000000d5980000)
  object space 93184K, 52% used [0x0000000080c00000,0x0000000083baad80,0x0000000086700000)
 Metaspace       used 57512K, capacity 59100K, committed 59160K, reserved 1101824K
  class space    used 6759K, capacity 7086K, committed 7088K, reserved 1048576K
}
Event: 21.519 GC heap before
{Heap before GC invocations=14 (full 3):
 PSYoungGen      total 514048K, used 7097K [0x00000000d5980000, 0x00000000fee00000, 0x0000000100000000)
  eden space 489984K, 0% used [0x00000000d5980000,0x00000000d5980000,0x00000000f3800000)
  from space 24064K, 29% used [0x00000000f3800000,0x00000000f3eee770,0x00000000f4f80000)
  to   space 23552K, 0% used [0x00000000fd700000,0x00000000fd700000,0x00000000fee00000)
 ParOldGen       total 93184K, used 48811K [0x0000000080c00000, 0x0000000086700000, 0x00000000d5980000)
  object space 93184K, 52% used [0x0000000080c00000,0x0000000083baad80,0x0000000086700000)
 Metaspace       used 57512K, capacity 59100K, committed 59160K, reserved 1101824K
  class space    used 6759K, capacity 7086K, committed 7088K, reserved 1048576K
Event: 21.711 GC heap after
Heap after GC invocations=14 (full 3):
 PSYoungGen      total 514048K, used 0K [0x00000000d5980000, 0x00000000fee00000, 0x0000000100000000)
  eden space 489984K, 0% used [0x00000000d5980000,0x00000000d5980000,0x00000000f3800000)
  from space 24064K, 0% used [0x00000000f3800000,0x00000000f3800000,0x00000000f4f80000)
  to   space 23552K, 0% used [0x00000000fd700000,0x00000000fd700000,0x00000000fee00000)
 ParOldGen       total 132608K, used 47746K [0x0000000080c00000, 0x0000000088d80000, 0x00000000d5980000)
  object space 132608K, 36% used [0x0000000080c00000,0x0000000083aa09c0,0x0000000088d80000)
 Metaspace       used 57512K, capacity 59100K, committed 59160K, reserved 1101824K
  class space    used 6759K, capacity 7086K, committed 7088K, reserved 1048576K
}
Event: 25.573 GC heap before
{Heap before GC invocations=15 (full 3):
 PSYoungGen      total 514048K, used 489984K [0x00000000d5980000, 0x00000000fee00000, 0x0000000100000000)
  eden space 489984K, 100% used [0x00000000d5980000,0x00000000f3800000,0x00000000f3800000)
  from space 24064K, 0% used [0x00000000f3800000,0x00000000f3800000,0x00000000f4f80000)
  to   space 23552K, 0% used [0x00000000fd700000,0x00000000fd700000,0x00000000fee00000)
 ParOldGen       total 132608K, used 47746K [0x0000000080c00000, 0x0000000088d80000, 0x00000000d5980000)
  object space 132608K, 36% used [0x0000000080c00000,0x0000000083aa09c0,0x0000000088d80000)
 Metaspace       used 62142K, capacity 64020K, committed 64176K, reserved 1105920K
  class space    used 7421K, capacity 7750K, committed 7856K, reserved 1048576K
Event: 25.608 GC heap after
Heap after GC invocations=15 (full 3):
 PSYoungGen      total 652800K, used 14374K [0x00000000d5980000, 0x00000000ff480000, 0x0000000100000000)
  eden space 629248K, 0% used [0x00000000d5980000,0x00000000d5980000,0x00000000fc000000)
  from space 23552K, 61% used [0x00000000fd700000,0x00000000fe509848,0x00000000fee00000)
  to   space 23552K, 0% used [0x00000000fc000000,0x00000000fc000000,0x00000000fd700000)
 ParOldGen       total 132608K, used 47754K [0x0000000080c00000, 0x0000000088d80000, 0x00000000d5980000)
  object space 132608K, 36% used [0x0000000080c00000,0x0000000083aa29c0,0x0000000088d80000)
 Metaspace       used 62142K, capacity 64020K, committed 64176K, reserved 1105920K
  class space    used 7421K, capacity 7750K, committed 7856K, reserved 1048576K
}

