# JRE version: Java(TM) SE Runtime Environment (8.0_151-b12) (build 1.8.0_151-b12)
# Java VM: Java HotSpot(TM) 64-Bit Server VM (25.151-b12 mixed mode windows-amd64 compressed oops)
Heap:
 PSYoungGen      total 251904K, used 183285K [0x00000000d5980000, 0x00000000e6480000, 0x0000000100000000)
  eden space 234496K, 74% used [0x00000000d5980000,0x00000000e03b8340,0x00000000e3e80000)
  from space 17408K, 51% used [0x00000000e5200000,0x00000000e5ac50e0,0x00000000e6300000)
  to   space 19456K, 0% used [0x00000000e3e80000,0x00000000e3e80000,0x00000000e5180000)
 ParOldGen       total 93184K, used 27744K [0x0000000080c00000, 0x0000000086700000, 0x00000000d5980000)
  object space 93184K, 29% used [0x0000000080c00000,0x00000000827183d8,0x0000000086700000)
 Metaspace       used 42583K, capacity 43644K, committed 43816K, reserved 1087488K
  class space    used 5421K, capacity 5652K, committed 5680K, reserved 1048576K
GC Heap History (10 events):
Event: 4.136 GC heap before
{Heap before GC invocations=6 (full 1):
 PSYoungGen      total 138240K, used 133120K [0x00000000d5980000, 0x00000000de580000, 0x0000000100000000)
  eden space 133120K, 100% used [0x00000000d5980000,0x00000000ddb80000,0x00000000ddb80000)
  from space 5120K, 0% used [0x00000000de080000,0x00000000de080000,0x00000000de580000)
  to   space 5120K, 0% used [0x00000000ddb80000,0x00000000ddb80000,0x00000000de080000)
 ParOldGen       total 51200K, used 5431K [0x0000000080c00000, 0x0000000083e00000, 0x00000000d5980000)
  object space 51200K, 10% used [0x0000000080c00000,0x000000008114ded0,0x0000000083e00000)
 Metaspace       used 26680K, capacity 27540K, committed 27824K, reserved 1073152K
  class space    used 3504K, capacity 3726K, committed 3760K, reserved 1048576K
Event: 4.217 GC heap after
Heap after GC invocations=6 (full 1):
 PSYoungGen      total 138240K, used 5120K [0x00000000d5980000, 0x00000000e6300000, 0x0000000100000000)
  eden space 133120K, 0% used [0x00000000d5980000,0x00000000d5980000,0x00000000ddb80000)
  from space 5120K, 100% used [0x00000000ddb80000,0x00000000de080000,0x00000000de080000)
  to   space 17408K, 0% used [0x00000000e5200000,0x00000000e5200000,0x00000000e6300000)
 ParOldGen       total 51200K, used 18003K [0x0000000080c00000, 0x0000000083e00000, 0x00000000d5980000)
  object space 51200K, 35% used [0x0000000080c00000,0x0000000081d94d28,0x0000000083e00000)
 Metaspace       used 26680K, capacity 27540K, committed 27824K, reserved 1073152K
  class space    used 3504K, capacity 3726K, committed 3760K, reserved 1048576K
}
Event: 5.697 GC heap before
{Heap before GC invocations=7 (full 1):
 PSYoungGen      total 138240K, used 138240K [0x00000000d5980000, 0x00000000e6300000, 0x0000000100000000)
  eden space 133120K, 100% used [0x00000000d5980000,0x00000000ddb80000,0x00000000ddb80000)
  from space 5120K, 100% used [0x00000000ddb80000,0x00000000de080000,0x00000000de080000)
  to   space 17408K, 0% used [0x00000000e5200000,0x00000000e5200000,0x00000000e6300000)
 ParOldGen       total 51200K, used 18003K [0x0000000080c00000, 0x0000000083e00000, 0x00000000d5980000)
  object space 51200K, 35% used [0x0000000080c00000,0x0000000081d94d28,0x0000000083e00000)
 Metaspace       used 33256K, capacity 34224K, committed 34352K, reserved 1079296K
  class space    used 4363K, capacity 4584K, committed 4656K, reserved 1048576K
Event: 5.746 GC heap after
Heap after GC invocations=7 (full 1):
 PSYoungGen      total 251904K, used 14691K [0x00000000d5980000, 0x00000000e6480000, 0x0000000100000000)
  eden space 234496K, 0% used [0x00000000d5980000,0x00000000d5980000,0x00000000e3e80000)
  from space 17408K, 84% used [0x00000000e5200000,0x00000000e6058d10,0x00000000e6300000)
  to   space 19456K, 0% used [0x00000000e3e80000,0x00000000e3e80000,0x00000000e5180000)
 ParOldGen       total 51200K, used 18011K [0x0000000080c00000, 0x0000000083e00000, 0x00000000d5980000)
  object space 51200K, 35% used [0x0000000080c00000,0x0000000081d96d28,0x0000000083e00000)
 Metaspace       used 33256K, capacity 34224K, committed 34352K, reserved 1079296K
  class space    used 4363K, capacity 4584K, committed 4656K, reserved 1048576K
}
Event: 6.078 GC heap before
{Heap before GC invocations=8 (full 1):
 PSYoungGen      total 251904K, used 42063K [0x00000000d5980000, 0x00000000e6480000, 0x0000000100000000)
  eden space 234496K, 11% used [0x00000000d5980000,0x00000000d743b070,0x00000000e3e80000)
  from space 17408K, 84% used [0x00000000e5200000,0x00000000e6058d10,0x00000000e6300000)
  to   space 19456K, 0% used [0x00000000e3e80000,0x00000000e3e80000,0x00000000e5180000)
 ParOldGen       total 51200K, used 18011K [0x0000000080c00000, 0x0000000083e00000, 0x00000000d5980000)
  object space 51200K, 35% used [0x0000000080c00000,0x0000000081d96d28,0x0000000083e00000)
 Metaspace       used 34491K, capacity 35444K, committed 35496K, reserved 1079296K
  class space    used 4517K, capacity 4752K, committed 4784K, reserved 1048576K
Event: 6.112 GC heap after
Heap after GC invocations=8 (full 1):
 PSYoungGen      total 253952K, used 11122K [0x00000000d5980000, 0x00000000e6480000, 0x0000000100000000)
  eden space 234496K, 0% used [0x00000000d5980000,0x00000000d5980000,0x00000000e3e80000)
  from space 19456K, 57% used [0x00000000e3e80000,0x00000000e495ca20,0x00000000e5180000)
  to   space 17408K, 0% used [0x00000000e5200000,0x00000000e5200000,0x00000000e6300000)
 ParOldGen       total 51200K, used 18019K [0x0000000080c00000, 0x0000000083e00000, 0x00000000d5980000)
  object space 51200K, 35% used [0x0000000080c00000,0x0000000081d98d28,0x0000000083e00000)
 Metaspace       used 34491K, capacity 35444K, committed 35496K, reserved 1079296K
  class space    used 4517K, capacity 4752K, committed 4784K, reserved 1048576K
}
Event: 6.112 GC heap before
{Heap before GC invocations=9 (full 2):
 PSYoungGen      total 253952K, used 11122K [0x00000000d5980000, 0x00000000e6480000, 0x0000000100000000)
  eden space 234496K, 0% used [0x00000000d5980000,0x00000000d5980000,0x00000000e3e80000)
  from space 19456K, 57% used [0x00000000e3e80000,0x00000000e495ca20,0x00000000e5180000)
  to   space 17408K, 0% used [0x00000000e5200000,0x00000000e5200000,0x00000000e6300000)
 ParOldGen       total 51200K, used 18019K [0x0000000080c00000, 0x0000000083e00000, 0x00000000d5980000)
  object space 51200K, 35% used [0x0000000080c00000,0x0000000081d98d28,0x0000000083e00000)
 Metaspace       used 34491K, capacity 35444K, committed 35496K, reserved 1079296K
  class space    used 4517K, capacity 4752K, committed 4784K, reserved 1048576K
Event: 6.318 GC heap after
Heap after GC invocations=9 (full 2):
 PSYoungGen      total 253952K, used 0K [0x00000000d5980000, 0x00000000e6480000, 0x0000000100000000)
  eden space 234496K, 0% used [0x00000000d5980000,0x00000000d5980000,0x00000000e3e80000)
  from space 19456K, 0% used [0x00000000e3e80000,0x00000000e3e80000,0x00000000e5180000)
  to   space 17408K, 0% used [0x00000000e5200000,0x00000000e5200000,0x00000000e6300000)
 ParOldGen       total 93184K, used 27736K [0x0000000080c00000, 0x0000000086700000, 0x00000000d5980000)
  object space 93184K, 29% used [0x0000000080c00000,0x00000000827163d8,0x0000000086700000)
 Metaspace       used 34491K, capacity 35444K, committed 35496K, reserved 1079296K
  class space    used 4517K, capacity 4752K, committed 4784K, reserved 1048576K
}
Event: 7.761 GC heap before
{Heap before GC invocations=10 (full 2):
 PSYoungGen      total 253952K, used 234496K [0x00000000d5980000, 0x00000000e6480000, 0x0000000100000000)
  eden space 234496K, 100% used [0x00000000d5980000,0x00000000e3e80000,0x00000000e3e80000)
  from space 19456K, 0% used [0x00000000e3e80000,0x00000000e3e80000,0x00000000e5180000)
  to   space 17408K, 0% used [0x00000000e5200000,0x00000000e5200000,0x00000000e6300000)
 ParOldGen       total 93184K, used 27736K [0x0000000080c00000, 0x0000000086700000, 0x00000000d5980000)
  object space 93184K, 29% used [0x0000000080c00000,0x00000000827163d8,0x0000000086700000)
 Metaspace       used 40173K, capacity 41278K, committed 41512K, reserved 1085440K
  class space    used 5155K, capacity 5387K, committed 5424K, reserved 1048576K
Event: 7.804 GC heap after
Heap after GC invocations=10 (full 2):
 PSYoungGen      total 251904K, used 8980K [0x00000000d5980000, 0x00000000e6480000, 0x0000000100000000)
  eden space 234496K, 0% used [0x00000000d5980000,0x00000000d5980000,0x00000000e3e80000)
  from space 17408K, 51% used [0x00000000e5200000,0x00000000e5ac50e0,0x00000000e6300000)
  to   space 19456K, 0% used [0x00000000e3e80000,0x00000000e3e80000,0x00000000e5180000)
 ParOldGen       total 93184K, used 27744K [0x0000000080c00000, 0x0000000086700000, 0x00000000d5980000)
  object space 93184K, 29% used [0x0000000080c00000,0x00000000827183d8,0x0000000086700000)
 Metaspace       used 40173K, capacity 41278K, committed 41512K, reserved 1085440K
  class space    used 5155K, capacity 5387K, committed 5424K, reserved 1048576K
}

