# JRE version: Java(TM) SE Runtime Environment (8.0_151-b12) (build 1.8.0_151-b12)
# Java VM: Java HotSpot(TM) 64-Bit Server VM (25.151-b12 mixed mode windows-amd64 compressed oops)
Heap:
 PSYoungGen      total 675328K, used 64671K [0x00000000d5980000, 0x0000000100000000, 0x0000000100000000)
  eden space 657920K, 7% used [0x00000000d5980000,0x00000000d8b2ee00,0x00000000fdc00000)
  from space 17408K, 79% used [0x00000000fef00000,0x00000000ffc79078,0x0000000100000000)
  to   space 18432K, 0% used [0x00000000fdc00000,0x00000000fdc00000,0x00000000fee00000)
 ParOldGen       total 114688K, used 47624K [0x0000000080c00000, 0x0000000087c00000, 0x00000000d5980000)
  object space 114688K, 41% used [0x0000000080c00000,0x0000000083a82150,0x0000000087c00000)
 Metaspace       used 63655K, capacity 65580K, committed 65624K, reserved 1107968K
  class space    used 7633K, capacity 7990K, committed 8024K, reserved 1048576K
GC Heap History (10 events):
Event: 9.038 GC heap before
{Heap before GC invocations=13 (full 2):
 PSYoungGen      total 361984K, used 361806K [0x00000000d5980000, 0x00000000ed900000, 0x0000000100000000)
  eden space 351744K, 100% used [0x00000000d5980000,0x00000000eb100000,0x00000000eb100000)
  from space 10240K, 98% used [0x00000000ecf00000,0x00000000ed8d3960,0x00000000ed900000)
  to   space 17920K, 0% used [0x00000000eb600000,0x00000000eb600000,0x00000000ec780000)
 ParOldGen       total 75776K, used 23335K [0x0000000080c00000, 0x0000000085600000, 0x00000000d5980000)
  object space 75776K, 30% used [0x0000000080c00000,0x00000000822c9de0,0x0000000085600000)
 Metaspace       used 45345K, capacity 46746K, committed 46936K, reserved 1089536K
  class space    used 5677K, capacity 5951K, committed 5976K, reserved 1048576K
Event: 9.078 GC heap after
Heap after GC invocations=13 (full 2):
 PSYoungGen      total 374784K, used 11538K [0x00000000d5980000, 0x00000000f6600000, 0x0000000100000000)
  eden space 356864K, 0% used [0x00000000d5980000,0x00000000d5980000,0x00000000eb600000)
  from space 17920K, 64% used [0x00000000eb600000,0x00000000ec144a88,0x00000000ec780000)
  to   space 17920K, 0% used [0x00000000f5480000,0x00000000f5480000,0x00000000f6600000)
 ParOldGen       total 75776K, used 28923K [0x0000000080c00000, 0x0000000085600000, 0x00000000d5980000)
  object space 75776K, 38% used [0x0000000080c00000,0x000000008283ee60,0x0000000085600000)
 Metaspace       used 45345K, capacity 46746K, committed 46936K, reserved 1089536K
  class space    used 5677K, capacity 5951K, committed 5976K, reserved 1048576K
}
Event: 11.984 GC heap before
{Heap before GC invocations=14 (full 2):
 PSYoungGen      total 374784K, used 368402K [0x00000000d5980000, 0x00000000f6600000, 0x0000000100000000)
  eden space 356864K, 100% used [0x00000000d5980000,0x00000000eb600000,0x00000000eb600000)
  from space 17920K, 64% used [0x00000000eb600000,0x00000000ec144a88,0x00000000ec780000)
  to   space 17920K, 0% used [0x00000000f5480000,0x00000000f5480000,0x00000000f6600000)
 ParOldGen       total 75776K, used 28923K [0x0000000080c00000, 0x0000000085600000, 0x00000000d5980000)
  object space 75776K, 38% used [0x0000000080c00000,0x000000008283ee60,0x0000000085600000)
 Metaspace       used 54612K, capacity 56132K, committed 56536K, reserved 1099776K
  class space    used 6526K, capacity 6822K, committed 6872K, reserved 1048576K
Event: 12.002 GC heap after
Heap after GC invocations=14 (full 2):
 PSYoungGen      total 510976K, used 11600K [0x00000000d5980000, 0x00000000f6200000, 0x0000000100000000)
  eden space 497152K, 0% used [0x00000000d5980000,0x00000000d5980000,0x00000000f3f00000)
  from space 13824K, 83% used [0x00000000f5480000,0x00000000f5fd4208,0x00000000f6200000)
  to   space 17920K, 0% used [0x00000000f3f00000,0x00000000f3f00000,0x00000000f5080000)
 ParOldGen       total 75776K, used 37431K [0x0000000080c00000, 0x0000000085600000, 0x00000000d5980000)
  object space 75776K, 49% used [0x0000000080c00000,0x000000008308def0,0x0000000085600000)
 Metaspace       used 54612K, capacity 56132K, committed 56536K, reserved 1099776K
  class space    used 6526K, capacity 6822K, committed 6872K, reserved 1048576K
}
Event: 14.409 GC heap before
{Heap before GC invocations=15 (full 2):
 PSYoungGen      total 510976K, used 361515K [0x00000000d5980000, 0x00000000f6200000, 0x0000000100000000)
  eden space 497152K, 70% used [0x00000000d5980000,0x00000000eaf36a50,0x00000000f3f00000)
  from space 13824K, 83% used [0x00000000f5480000,0x00000000f5fd4208,0x00000000f6200000)
  to   space 17920K, 0% used [0x00000000f3f00000,0x00000000f3f00000,0x00000000f5080000)
 ParOldGen       total 75776K, used 37431K [0x0000000080c00000, 0x0000000085600000, 0x00000000d5980000)
  object space 75776K, 49% used [0x0000000080c00000,0x000000008308def0,0x0000000085600000)
 Metaspace       used 57279K, capacity 58822K, committed 59028K, reserved 1101824K
  class space    used 6750K, capacity 7019K, committed 7128K, reserved 1048576K
Event: 14.520 GC heap after
Heap after GC invocations=15 (full 2):
 PSYoungGen      total 515072K, used 7674K [0x00000000d5980000, 0x0000000100000000, 0x0000000100000000)
  eden space 497152K, 0% used [0x00000000d5980000,0x00000000d5980000,0x00000000f3f00000)
  from space 17920K, 42% used [0x00000000f3f00000,0x00000000f467e8f0,0x00000000f5080000)
  to   space 17408K, 0% used [0x00000000fef00000,0x00000000fef00000,0x0000000100000000)
 ParOldGen       total 75776K, used 43817K [0x0000000080c00000, 0x0000000085600000, 0x00000000d5980000)
  object space 75776K, 57% used [0x0000000080c00000,0x00000000836ca590,0x0000000085600000)
 Metaspace       used 57279K, capacity 58822K, committed 59028K, reserved 1101824K
  class space    used 6750K, capacity 7019K, committed 7128K, reserved 1048576K
}
Event: 14.520 GC heap before
{Heap before GC invocations=16 (full 3):
 PSYoungGen      total 515072K, used 7674K [0x00000000d5980000, 0x0000000100000000, 0x0000000100000000)
  eden space 497152K, 0% used [0x00000000d5980000,0x00000000d5980000,0x00000000f3f00000)
  from space 17920K, 42% used [0x00000000f3f00000,0x00000000f467e8f0,0x00000000f5080000)
  to   space 17408K, 0% used [0x00000000fef00000,0x00000000fef00000,0x0000000100000000)
 ParOldGen       total 75776K, used 43817K [0x0000000080c00000, 0x0000000085600000, 0x00000000d5980000)
  object space 75776K, 57% used [0x0000000080c00000,0x00000000836ca590,0x0000000085600000)
 Metaspace       used 57279K, capacity 58822K, committed 59028K, reserved 1101824K
  class space    used 6750K, capacity 7019K, committed 7128K, reserved 1048576K
Event: 14.833 GC heap after
Heap after GC invocations=16 (full 3):
 PSYoungGen      total 515072K, used 0K [0x00000000d5980000, 0x0000000100000000, 0x0000000100000000)
  eden space 497152K, 0% used [0x00000000d5980000,0x00000000d5980000,0x00000000f3f00000)
  from space 17920K, 0% used [0x00000000f3f00000,0x00000000f3f00000,0x00000000f5080000)
  to   space 17408K, 0% used [0x00000000fef00000,0x00000000fef00000,0x0000000100000000)
 ParOldGen       total 114688K, used 47616K [0x0000000080c00000, 0x0000000087c00000, 0x00000000d5980000)
  object space 114688K, 41% used [0x0000000080c00000,0x0000000083a80150,0x0000000087c00000)
 Metaspace       used 57279K, capacity 58822K, committed 59028K, reserved 1101824K
  class space    used 6750K, capacity 7019K, committed 7128K, reserved 1048576K
}
Event: 18.752 GC heap before
{Heap before GC invocations=17 (full 3):
 PSYoungGen      total 515072K, used 497152K [0x00000000d5980000, 0x0000000100000000, 0x0000000100000000)
  eden space 497152K, 100% used [0x00000000d5980000,0x00000000f3f00000,0x00000000f3f00000)
  from space 17920K, 0% used [0x00000000f3f00000,0x00000000f3f00000,0x00000000f5080000)
  to   space 17408K, 0% used [0x00000000fef00000,0x00000000fef00000,0x0000000100000000)
 ParOldGen       total 114688K, used 47616K [0x0000000080c00000, 0x0000000087c00000, 0x00000000d5980000)
  object space 114688K, 41% used [0x0000000080c00000,0x0000000083a80150,0x0000000087c00000)
 Metaspace       used 62126K, capacity 64006K, committed 64216K, reserved 1105920K
  class space    used 7423K, capacity 7789K, committed 7896K, reserved 1048576K
Event: 18.765 GC heap after
Heap after GC invocations=17 (full 3):
 PSYoungGen      total 675328K, used 13796K [0x00000000d5980000, 0x0000000100000000, 0x0000000100000000)
  eden space 657920K, 0% used [0x00000000d5980000,0x00000000d5980000,0x00000000fdc00000)
  from space 17408K, 79% used [0x00000000fef00000,0x00000000ffc79078,0x0000000100000000)
  to   space 18432K, 0% used [0x00000000fdc00000,0x00000000fdc00000,0x00000000fee00000)
 ParOldGen       total 114688K, used 47624K [0x0000000080c00000, 0x0000000087c00000, 0x00000000d5980000)
  object space 114688K, 41% used [0x0000000080c00000,0x0000000083a82150,0x0000000087c00000)
 Metaspace       used 62126K, capacity 64006K, committed 64216K, reserved 1105920K
  class space    used 7423K, capacity 7789K, committed 7896K, reserved 1048576K
}

