# JRE version: Java(TM) SE Runtime Environment (8.0_151-b12) (build 1.8.0_151-b12)
# Java VM: Java HotSpot(TM) 64-Bit Server VM (25.151-b12 mixed mode windows-amd64 compressed oops)
Heap:
 PSYoungGen      total 494080K, used 280927K [0x00000000d5980000, 0x00000000f5900000, 0x0000000100000000)
  eden space 475136K, 59% used [0x00000000d5980000,0x00000000e6bd7e90,0x00000000f2980000)
  from space 18944K, 0% used [0x00000000f3400000,0x00000000f3400000,0x00000000f4680000)
  to   space 10240K, 0% used [0x00000000f4f00000,0x00000000f4f00000,0x00000000f5900000)
 ParOldGen       total 112128K, used 50345K [0x0000000080c00000, 0x0000000087980000, 0x00000000d5980000)
  object space 112128K, 44% used [0x0000000080c00000,0x0000000083d2a7f0,0x0000000087980000)
 Metaspace       used 59589K, capacity 61342K, committed 61656K, reserved 1103872K
  class space    used 7049K, capacity 7363K, committed 7384K, reserved 1048576K
GC Heap History (10 events):
Event: 9.437 GC heap before
{Heap before GC invocations=10 (full 2):
 PSYoungGen      total 271360K, used 259072K [0x00000000d5980000, 0x00000000f6200000, 0x0000000100000000)
  eden space 259072K, 100% used [0x00000000d5980000,0x00000000e5680000,0x00000000e5680000)
  from space 12288K, 0% used [0x00000000e5680000,0x00000000e5680000,0x00000000e6280000)
  to   space 19456K, 0% used [0x00000000f4f00000,0x00000000f4f00000,0x00000000f6200000)
 ParOldGen       total 77312K, used 27910K [0x0000000080c00000, 0x0000000085780000, 0x00000000d5980000)
  object space 77312K, 36% used [0x0000000080c00000,0x00000000827418e0,0x0000000085780000)
 Metaspace       used 41699K, capacity 42768K, committed 42968K, reserved 1087488K
  class space    used 5274K, capacity 5514K, committed 5592K, reserved 1048576K
Event: 9.503 GC heap after
Heap after GC invocations=10 (full 2):
 PSYoungGen      total 485376K, used 10172K [0x00000000d5980000, 0x00000000f5900000, 0x0000000100000000)
  eden space 475136K, 0% used [0x00000000d5980000,0x00000000d5980000,0x00000000f2980000)
  from space 10240K, 99% used [0x00000000f4f00000,0x00000000f58ef1d0,0x00000000f5900000)
  to   space 18944K, 0% used [0x00000000f3400000,0x00000000f3400000,0x00000000f4680000)
 ParOldGen       total 77312K, used 27918K [0x0000000080c00000, 0x0000000085780000, 0x00000000d5980000)
  object space 77312K, 36% used [0x0000000080c00000,0x00000000827438e0,0x0000000085780000)
 Metaspace       used 41699K, capacity 42768K, committed 42968K, reserved 1087488K
  class space    used 5274K, capacity 5514K, committed 5592K, reserved 1048576K
}
Event: 12.522 GC heap before
{Heap before GC invocations=11 (full 2):
 PSYoungGen      total 485376K, used 485308K [0x00000000d5980000, 0x00000000f5900000, 0x0000000100000000)
  eden space 475136K, 100% used [0x00000000d5980000,0x00000000f2980000,0x00000000f2980000)
  from space 10240K, 99% used [0x00000000f4f00000,0x00000000f58ef1d0,0x00000000f5900000)
  to   space 18944K, 0% used [0x00000000f3400000,0x00000000f3400000,0x00000000f4680000)
 ParOldGen       total 77312K, used 27918K [0x0000000080c00000, 0x0000000085780000, 0x00000000d5980000)
  object space 77312K, 36% used [0x0000000080c00000,0x00000000827438e0,0x0000000085780000)
 Metaspace       used 47906K, capacity 49324K, committed 49624K, reserved 1093632K
  class space    used 5963K, capacity 6248K, committed 6360K, reserved 1048576K
Event: 12.547 GC heap after
Heap after GC invocations=11 (full 2):
 PSYoungGen      total 494080K, used 18930K [0x00000000d5980000, 0x00000000f5900000, 0x0000000100000000)
  eden space 475136K, 0% used [0x00000000d5980000,0x00000000d5980000,0x00000000f2980000)
  from space 18944K, 99% used [0x00000000f3400000,0x00000000f467c818,0x00000000f4680000)
  to   space 10240K, 0% used [0x00000000f4f00000,0x00000000f4f00000,0x00000000f5900000)
 ParOldGen       total 77312K, used 30250K [0x0000000080c00000, 0x0000000085780000, 0x00000000d5980000)
  object space 77312K, 39% used [0x0000000080c00000,0x000000008298a888,0x0000000085780000)
 Metaspace       used 47906K, capacity 49324K, committed 49624K, reserved 1093632K
  class space    used 5963K, capacity 6248K, committed 6360K, reserved 1048576K
}
Event: 16.271 GC heap before
{Heap before GC invocations=12 (full 2):
 PSYoungGen      total 494080K, used 494066K [0x00000000d5980000, 0x00000000f5900000, 0x0000000100000000)
  eden space 475136K, 100% used [0x00000000d5980000,0x00000000f2980000,0x00000000f2980000)
  from space 18944K, 99% used [0x00000000f3400000,0x00000000f467c818,0x00000000f4680000)
  to   space 10240K, 0% used [0x00000000f4f00000,0x00000000f4f00000,0x00000000f5900000)
 ParOldGen       total 77312K, used 30250K [0x0000000080c00000, 0x0000000085780000, 0x00000000d5980000)
  object space 77312K, 39% used [0x0000000080c00000,0x000000008298a888,0x0000000085780000)
 Metaspace       used 56312K, capacity 57888K, committed 58200K, reserved 1099776K
  class space    used 6625K, capacity 6922K, committed 7000K, reserved 1048576K
Event: 16.298 GC heap after
Heap after GC invocations=12 (full 2):
 PSYoungGen      total 485376K, used 10236K [0x00000000d5980000, 0x00000000f5900000, 0x0000000100000000)
  eden space 475136K, 0% used [0x00000000d5980000,0x00000000d5980000,0x00000000f2980000)
  from space 10240K, 99% used [0x00000000f4f00000,0x00000000f58ff3a8,0x00000000f5900000)
  to   space 18944K, 0% used [0x00000000f3400000,0x00000000f3400000,0x00000000f4680000)
 ParOldGen       total 77312K, used 48548K [0x0000000080c00000, 0x0000000085780000, 0x00000000d5980000)
  object space 77312K, 62% used [0x0000000080c00000,0x0000000083b693b0,0x0000000085780000)
 Metaspace       used 56312K, capacity 57888K, committed 58200K, reserved 1099776K
  class space    used 6625K, capacity 6922K, committed 7000K, reserved 1048576K
}
Event: 17.021 GC heap before
{Heap before GC invocations=13 (full 2):
 PSYoungGen      total 485376K, used 115920K [0x00000000d5980000, 0x00000000f5900000, 0x0000000100000000)
  eden space 475136K, 22% used [0x00000000d5980000,0x00000000dc0b5050,0x00000000f2980000)
  from space 10240K, 99% used [0x00000000f4f00000,0x00000000f58ff3a8,0x00000000f5900000)
  to   space 18944K, 0% used [0x00000000f3400000,0x00000000f3400000,0x00000000f4680000)
 ParOldGen       total 77312K, used 48548K [0x0000000080c00000, 0x0000000085780000, 0x00000000d5980000)
  object space 77312K, 62% used [0x0000000080c00000,0x0000000083b693b0,0x0000000085780000)
 Metaspace       used 57281K, capacity 58866K, committed 59028K, reserved 1101824K
  class space    used 6735K, capacity 7053K, committed 7128K, reserved 1048576K
Event: 17.054 GC heap after
Heap after GC invocations=13 (full 2):
 PSYoungGen      total 494080K, used 2663K [0x00000000d5980000, 0x00000000f5900000, 0x0000000100000000)
  eden space 475136K, 0% used [0x00000000d5980000,0x00000000d5980000,0x00000000f2980000)
  from space 18944K, 14% used [0x00000000f3400000,0x00000000f3699ce0,0x00000000f4680000)
  to   space 10240K, 0% used [0x00000000f4f00000,0x00000000f4f00000,0x00000000f5900000)
 ParOldGen       total 77312K, used 58814K [0x0000000080c00000, 0x0000000085780000, 0x00000000d5980000)
  object space 77312K, 76% used [0x0000000080c00000,0x000000008456f980,0x0000000085780000)
 Metaspace       used 57281K, capacity 58866K, committed 59028K, reserved 1101824K
  class space    used 6735K, capacity 7053K, committed 7128K, reserved 1048576K
}
Event: 17.054 GC heap before
{Heap before GC invocations=14 (full 3):
 PSYoungGen      total 494080K, used 2663K [0x00000000d5980000, 0x00000000f5900000, 0x0000000100000000)
  eden space 475136K, 0% used [0x00000000d5980000,0x00000000d5980000,0x00000000f2980000)
  from space 18944K, 14% used [0x00000000f3400000,0x00000000f3699ce0,0x00000000f4680000)
  to   space 10240K, 0% used [0x00000000f4f00000,0x00000000f4f00000,0x00000000f5900000)
 ParOldGen       total 77312K, used 58814K [0x0000000080c00000, 0x0000000085780000, 0x00000000d5980000)
  object space 77312K, 76% used [0x0000000080c00000,0x000000008456f980,0x0000000085780000)
 Metaspace       used 57281K, capacity 58866K, committed 59028K, reserved 1101824K
  class space    used 6735K, capacity 7053K, committed 7128K, reserved 1048576K
Event: 17.231 GC heap after
Heap after GC invocations=14 (full 3):
 PSYoungGen      total 494080K, used 0K [0x00000000d5980000, 0x00000000f5900000, 0x0000000100000000)
  eden space 475136K, 0% used [0x00000000d5980000,0x00000000d5980000,0x00000000f2980000)
  from space 18944K, 0% used [0x00000000f3400000,0x00000000f3400000,0x00000000f4680000)
  to   space 10240K, 0% used [0x00000000f4f00000,0x00000000f4f00000,0x00000000f5900000)
 ParOldGen       total 112128K, used 50345K [0x0000000080c00000, 0x0000000087980000, 0x00000000d5980000)
  object space 112128K, 44% used [0x0000000080c00000,0x0000000083d2a7f0,0x0000000087980000)
 Metaspace       used 57281K, capacity 58866K, committed 59028K, reserved 1101824K
  class space    used 6735K, capacity 7053K, committed 7128K, reserved 1048576K
}

