# JRE version: Java(TM) SE Runtime Environment (8.0_151-b12) (build 1.8.0_151-b12)
# Java VM: Java HotSpot(TM) 64-Bit Server VM (25.151-b12 mixed mode windows-amd64 compressed oops)
Heap:
 PSYoungGen      total 621056K, used 104497K [0x00000000d5980000, 0x00000000fcb00000, 0x0000000100000000)
  eden space 603648K, 15% used [0x00000000d5980000,0x00000000db276f88,0x00000000fa700000)
  from space 17408K, 76% used [0x00000000fb900000,0x00000000fc615590,0x00000000fca00000)
  to   space 18432K, 0% used [0x00000000fa700000,0x00000000fa700000,0x00000000fb900000)
 ParOldGen       total 122880K, used 47945K [0x0000000080c00000, 0x0000000088400000, 0x00000000d5980000)
  object space 122880K, 39% used [0x0000000080c00000,0x0000000083ad2400,0x0000000088400000)
 Metaspace       used 63761K, capacity 65720K, committed 65968K, reserved 1107968K
  class space    used 7656K, capacity 8022K, committed 8112K, reserved 1048576K
GC Heap History (10 events):
Event: 8.715 GC heap before
{Heap before GC invocations=13 (full 2):
 PSYoungGen      total 348672K, used 348372K [0x00000000d5980000, 0x00000000ed800000, 0x0000000100000000)
  eden space 338432K, 100% used [0x00000000d5980000,0x00000000ea400000,0x00000000ea400000)
  from space 10240K, 97% used [0x00000000ece00000,0x00000000ed7b5318,0x00000000ed800000)
  to   space 17920K, 0% used [0x00000000eb500000,0x00000000eb500000,0x00000000ec680000)
 ParOldGen       total 79360K, used 23316K [0x0000000080c00000, 0x0000000085980000, 0x00000000d5980000)
  object space 79360K, 29% used [0x0000000080c00000,0x00000000822c50b0,0x0000000085980000)
 Metaspace       used 45054K, capacity 46446K, committed 46640K, reserved 1089536K
  class space    used 5653K, capacity 5919K, committed 5936K, reserved 1048576K
Event: 8.752 GC heap after
Heap after GC invocations=13 (full 2):
 PSYoungGen      total 373760K, used 10983K [0x00000000d5980000, 0x00000000f4280000, 0x0000000100000000)
  eden space 355840K, 0% used [0x00000000d5980000,0x00000000d5980000,0x00000000eb500000)
  from space 17920K, 61% used [0x00000000eb500000,0x00000000ebfb9c20,0x00000000ec680000)
  to   space 17920K, 0% used [0x00000000f3100000,0x00000000f3100000,0x00000000f4280000)
 ParOldGen       total 79360K, used 28868K [0x0000000080c00000, 0x0000000085980000, 0x00000000d5980000)
  object space 79360K, 36% used [0x0000000080c00000,0x0000000082831140,0x0000000085980000)
 Metaspace       used 45054K, capacity 46446K, committed 46640K, reserved 1089536K
  class space    used 5653K, capacity 5919K, committed 5936K, reserved 1048576K
}
Event: 11.541 GC heap before
{Heap before GC invocations=14 (full 2):
 PSYoungGen      total 373760K, used 366823K [0x00000000d5980000, 0x00000000f4280000, 0x0000000100000000)
  eden space 355840K, 100% used [0x00000000d5980000,0x00000000eb500000,0x00000000eb500000)
  from space 17920K, 61% used [0x00000000eb500000,0x00000000ebfb9c20,0x00000000ec680000)
  to   space 17920K, 0% used [0x00000000f3100000,0x00000000f3100000,0x00000000f4280000)
 ParOldGen       total 79360K, used 28868K [0x0000000080c00000, 0x0000000085980000, 0x00000000d5980000)
  object space 79360K, 36% used [0x0000000080c00000,0x0000000082831140,0x0000000085980000)
 Metaspace       used 54528K, capacity 56042K, committed 56240K, reserved 1099776K
  class space    used 6524K, capacity 6821K, committed 6832K, reserved 1048576K
Event: 11.554 GC heap after
Heap after GC invocations=14 (full 2):
 PSYoungGen      total 482304K, used 12106K [0x00000000d5980000, 0x00000000f4e00000, 0x0000000100000000)
  eden space 464384K, 0% used [0x00000000d5980000,0x00000000d5980000,0x00000000f1f00000)
  from space 17920K, 67% used [0x00000000f3100000,0x00000000f3cd2b48,0x00000000f4280000)
  to   space 18432K, 0% used [0x00000000f1f00000,0x00000000f1f00000,0x00000000f3100000)
 ParOldGen       total 79360K, used 37000K [0x0000000080c00000, 0x0000000085980000, 0x00000000d5980000)
  object space 79360K, 46% used [0x0000000080c00000,0x00000000830221b0,0x0000000085980000)
 Metaspace       used 54528K, capacity 56042K, committed 56240K, reserved 1099776K
  class space    used 6524K, capacity 6821K, committed 6832K, reserved 1048576K
}
Event: 13.824 GC heap before
{Heap before GC invocations=15 (full 2):
 PSYoungGen      total 482304K, used 375060K [0x00000000d5980000, 0x00000000f4e00000, 0x0000000100000000)
  eden space 464384K, 78% used [0x00000000d5980000,0x00000000ebbf2750,0x00000000f1f00000)
  from space 17920K, 67% used [0x00000000f3100000,0x00000000f3cd2b48,0x00000000f4280000)
  to   space 18432K, 0% used [0x00000000f1f00000,0x00000000f1f00000,0x00000000f3100000)
 ParOldGen       total 79360K, used 37000K [0x0000000080c00000, 0x0000000085980000, 0x00000000d5980000)
  object space 79360K, 46% used [0x0000000080c00000,0x00000000830221b0,0x0000000085980000)
 Metaspace       used 57437K, capacity 59016K, committed 59160K, reserved 1101824K
  class space    used 6771K, capacity 7060K, committed 7088K, reserved 1048576K
Event: 13.837 GC heap after
Heap after GC invocations=15 (full 2):
 PSYoungGen      total 482816K, used 8147K [0x00000000d5980000, 0x00000000fca00000, 0x0000000100000000)
  eden space 464384K, 0% used [0x00000000d5980000,0x00000000d5980000,0x00000000f1f00000)
  from space 18432K, 44% used [0x00000000f1f00000,0x00000000f26f4de0,0x00000000f3100000)
  to   space 17408K, 0% used [0x00000000fb900000,0x00000000fb900000,0x00000000fca00000)
 ParOldGen       total 79360K, used 43634K [0x0000000080c00000, 0x0000000085980000, 0x00000000d5980000)
  object space 79360K, 54% used [0x0000000080c00000,0x000000008369c850,0x0000000085980000)
 Metaspace       used 57437K, capacity 59016K, committed 59160K, reserved 1101824K
  class space    used 6771K, capacity 7060K, committed 7088K, reserved 1048576K
}
Event: 13.837 GC heap before
{Heap before GC invocations=16 (full 3):
 PSYoungGen      total 482816K, used 8147K [0x00000000d5980000, 0x00000000fca00000, 0x0000000100000000)
  eden space 464384K, 0% used [0x00000000d5980000,0x00000000d5980000,0x00000000f1f00000)
  from space 18432K, 44% used [0x00000000f1f00000,0x00000000f26f4de0,0x00000000f3100000)
  to   space 17408K, 0% used [0x00000000fb900000,0x00000000fb900000,0x00000000fca00000)
 ParOldGen       total 79360K, used 43634K [0x0000000080c00000, 0x0000000085980000, 0x00000000d5980000)
  object space 79360K, 54% used [0x0000000080c00000,0x000000008369c850,0x0000000085980000)
 Metaspace       used 57437K, capacity 59016K, committed 59160K, reserved 1101824K
  class space    used 6771K, capacity 7060K, committed 7088K, reserved 1048576K
Event: 14.049 GC heap after
Heap after GC invocations=16 (full 3):
 PSYoungGen      total 482816K, used 0K [0x00000000d5980000, 0x00000000fca00000, 0x0000000100000000)
  eden space 464384K, 0% used [0x00000000d5980000,0x00000000d5980000,0x00000000f1f00000)
  from space 18432K, 0% used [0x00000000f1f00000,0x00000000f1f00000,0x00000000f3100000)
  to   space 17408K, 0% used [0x00000000fb900000,0x00000000fb900000,0x00000000fca00000)
 ParOldGen       total 122880K, used 47945K [0x0000000080c00000, 0x0000000088400000, 0x00000000d5980000)
  object space 122880K, 39% used [0x0000000080c00000,0x0000000083ad2400,0x0000000088400000)
 Metaspace       used 57437K, capacity 59016K, committed 59160K, reserved 1101824K
  class space    used 6771K, capacity 7060K, committed 7088K, reserved 1048576K
}
Event: 17.165 GC heap before
{Heap before GC invocations=17 (full 3):
 PSYoungGen      total 482816K, used 464384K [0x00000000d5980000, 0x00000000fca00000, 0x0000000100000000)
  eden space 464384K, 100% used [0x00000000d5980000,0x00000000f1f00000,0x00000000f1f00000)
  from space 18432K, 0% used [0x00000000f1f00000,0x00000000f1f00000,0x00000000f3100000)
  to   space 17408K, 0% used [0x00000000fb900000,0x00000000fb900000,0x00000000fca00000)
 ParOldGen       total 122880K, used 47945K [0x0000000080c00000, 0x0000000088400000, 0x00000000d5980000)
  object space 122880K, 39% used [0x0000000080c00000,0x0000000083ad2400,0x0000000088400000)
 Metaspace       used 62074K, capacity 63986K, committed 64176K, reserved 1105920K
  class space    used 7424K, capacity 7789K, committed 7856K, reserved 1048576K
Event: 17.243 GC heap after
Heap after GC invocations=17 (full 3):
 PSYoungGen      total 621056K, used 13397K [0x00000000d5980000, 0x00000000fcb00000, 0x0000000100000000)
  eden space 603648K, 0% used [0x00000000d5980000,0x00000000d5980000,0x00000000fa700000)
  from space 17408K, 76% used [0x00000000fb900000,0x00000000fc615590,0x00000000fca00000)
  to   space 18432K, 0% used [0x00000000fa700000,0x00000000fa700000,0x00000000fb900000)
 ParOldGen       total 122880K, used 47945K [0x0000000080c00000, 0x0000000088400000, 0x00000000d5980000)
  object space 122880K, 39% used [0x0000000080c00000,0x0000000083ad2400,0x0000000088400000)
 Metaspace       used 62074K, capacity 63986K, committed 64176K, reserved 1105920K
  class space    used 7424K, capacity 7789K, committed 7856K, reserved 1048576K
}

