# JRE version: Java(TM) SE Runtime Environment (8.0_151-b12) (build 1.8.0_151-b12)
# Java VM: Java HotSpot(TM) 64-Bit Server VM (25.151-b12 mixed mode windows-amd64 compressed oops)
Heap:
 PSYoungGen      total 250880K, used 215286K [0x00000000d5980000, 0x00000000edd00000, 0x0000000100000000)
  eden space 234496K, 91% used [0x00000000d5980000,0x00000000e2bbda20,0x00000000e3e80000)
  from space 16384K, 0% used [0x00000000e3e80000,0x00000000e3e80000,0x00000000e4e80000)
  to   space 18432K, 0% used [0x00000000ecb00000,0x00000000ecb00000,0x00000000edd00000)
 ParOldGen       total 78336K, used 28049K [0x0000000080c00000, 0x0000000085880000, 0x00000000d5980000)
  object space 78336K, 35% used [0x0000000080c00000,0x0000000082764468,0x0000000085880000)
 Metaspace       used 40435K, capacity 41474K, committed 41520K, reserved 1087488K
  class space    used 5143K, capacity 5385K, committed 5424K, reserved 1048576K
GC Heap History (10 events):
Event: 2.785 GC heap before
{Heap before GC invocations=7 (full 1):
 PSYoungGen      total 141312K, used 6209K [0x00000000d5980000, 0x00000000deb80000, 0x0000000100000000)
  eden space 133120K, 0% used [0x00000000d5980000,0x00000000d5980000,0x00000000ddb80000)
  from space 8192K, 75% used [0x00000000de380000,0x00000000de990650,0x00000000deb80000)
  to   space 8192K, 0% used [0x00000000ddb80000,0x00000000ddb80000,0x00000000de380000)
 ParOldGen       total 87552K, used 3537K [0x0000000080c00000, 0x0000000086180000, 0x00000000d5980000)
  object space 87552K, 4% used [0x0000000080c00000,0x0000000080f74520,0x0000000086180000)
 Metaspace       used 20628K, capacity 21236K, committed 21296K, reserved 1067008K
  class space    used 2663K, capacity 2828K, committed 2864K, reserved 1048576K
Event: 2.830 GC heap after
Heap after GC invocations=7 (full 1):
 PSYoungGen      total 141312K, used 0K [0x00000000d5980000, 0x00000000deb80000, 0x0000000100000000)
  eden space 133120K, 0% used [0x00000000d5980000,0x00000000d5980000,0x00000000ddb80000)
  from space 8192K, 0% used [0x00000000de380000,0x00000000de380000,0x00000000deb80000)
  to   space 8192K, 0% used [0x00000000ddb80000,0x00000000ddb80000,0x00000000de380000)
 ParOldGen       total 47616K, used 6427K [0x0000000080c00000, 0x0000000083a80000, 0x00000000d5980000)
  object space 47616K, 13% used [0x0000000080c00000,0x0000000081246f98,0x0000000083a80000)
 Metaspace       used 20628K, capacity 21236K, committed 21296K, reserved 1067008K
  class space    used 2663K, capacity 2828K, committed 2864K, reserved 1048576K
}
Event: 4.356 GC heap before
{Heap before GC invocations=8 (full 1):
 PSYoungGen      total 141312K, used 133120K [0x00000000d5980000, 0x00000000deb80000, 0x0000000100000000)
  eden space 133120K, 100% used [0x00000000d5980000,0x00000000ddb80000,0x00000000ddb80000)
  from space 8192K, 0% used [0x00000000de380000,0x00000000de380000,0x00000000deb80000)
  to   space 8192K, 0% used [0x00000000ddb80000,0x00000000ddb80000,0x00000000de380000)
 ParOldGen       total 47616K, used 6427K [0x0000000080c00000, 0x0000000083a80000, 0x00000000d5980000)
  object space 47616K, 13% used [0x0000000080c00000,0x0000000081246f98,0x0000000083a80000)
 Metaspace       used 28104K, capacity 28942K, committed 29232K, reserved 1075200K
  class space    used 3599K, capacity 3785K, committed 3888K, reserved 1048576K
Event: 4.369 GC heap after
Heap after GC invocations=8 (full 1):
 PSYoungGen      total 141312K, used 8177K [0x00000000d5980000, 0x00000000e5a00000, 0x0000000100000000)
  eden space 133120K, 0% used [0x00000000d5980000,0x00000000d5980000,0x00000000ddb80000)
  from space 8192K, 99% used [0x00000000ddb80000,0x00000000de37c5e0,0x00000000de380000)
  to   space 11776K, 0% used [0x00000000e4e80000,0x00000000e4e80000,0x00000000e5a00000)
 ParOldGen       total 47616K, used 11566K [0x0000000080c00000, 0x0000000083a80000, 0x00000000d5980000)
  object space 47616K, 24% used [0x0000000080c00000,0x000000008174b800,0x0000000083a80000)
 Metaspace       used 28104K, capacity 28942K, committed 29232K, reserved 1075200K
  class space    used 3599K, capacity 3785K, committed 3888K, reserved 1048576K
}
Event: 5.333 GC heap before
{Heap before GC invocations=9 (full 1):
 PSYoungGen      total 141312K, used 141297K [0x00000000d5980000, 0x00000000e5a00000, 0x0000000100000000)
  eden space 133120K, 100% used [0x00000000d5980000,0x00000000ddb80000,0x00000000ddb80000)
  from space 8192K, 99% used [0x00000000ddb80000,0x00000000de37c5e0,0x00000000de380000)
  to   space 11776K, 0% used [0x00000000e4e80000,0x00000000e4e80000,0x00000000e5a00000)
 ParOldGen       total 47616K, used 11566K [0x0000000080c00000, 0x0000000083a80000, 0x00000000d5980000)
  object space 47616K, 24% used [0x0000000080c00000,0x000000008174b800,0x0000000083a80000)
 Metaspace       used 30946K, capacity 31798K, committed 32048K, reserved 1077248K
  class space    used 3940K, capacity 4125K, committed 4144K, reserved 1048576K
Event: 5.569 GC heap after
Heap after GC invocations=9 (full 1):
 PSYoungGen      total 246272K, used 11759K [0x00000000d5980000, 0x00000000e6b00000, 0x0000000100000000)
  eden space 234496K, 0% used [0x00000000d5980000,0x00000000d5980000,0x00000000e3e80000)
  from space 11776K, 99% used [0x00000000e4e80000,0x00000000e59fbeb0,0x00000000e5a00000)
  to   space 16384K, 0% used [0x00000000e3e80000,0x00000000e3e80000,0x00000000e4e80000)
 ParOldGen       total 47616K, used 18409K [0x0000000080c00000, 0x0000000083a80000, 0x00000000d5980000)
  object space 47616K, 38% used [0x0000000080c00000,0x0000000081dfa540,0x0000000083a80000)
 Metaspace       used 30946K, capacity 31798K, committed 32048K, reserved 1077248K
  class space    used 3940K, capacity 4125K, committed 4144K, reserved 1048576K
}
Event: 6.442 GC heap before
{Heap before GC invocations=10 (full 1):
 PSYoungGen      total 246272K, used 102951K [0x00000000d5980000, 0x00000000e6b00000, 0x0000000100000000)
  eden space 234496K, 38% used [0x00000000d5980000,0x00000000db28df40,0x00000000e3e80000)
  from space 11776K, 99% used [0x00000000e4e80000,0x00000000e59fbeb0,0x00000000e5a00000)
  to   space 16384K, 0% used [0x00000000e3e80000,0x00000000e3e80000,0x00000000e4e80000)
 ParOldGen       total 47616K, used 18409K [0x0000000080c00000, 0x0000000083a80000, 0x00000000d5980000)
  object space 47616K, 38% used [0x0000000080c00000,0x0000000081dfa540,0x0000000083a80000)
 Metaspace       used 34544K, capacity 35402K, committed 35496K, reserved 1081344K
  class space    used 4433K, capacity 4627K, committed 4656K, reserved 1048576K
Event: 6.701 GC heap after
Heap after GC invocations=10 (full 1):
 PSYoungGen      total 250880K, used 15869K [0x00000000d5980000, 0x00000000edd00000, 0x0000000100000000)
  eden space 234496K, 0% used [0x00000000d5980000,0x00000000d5980000,0x00000000e3e80000)
  from space 16384K, 96% used [0x00000000e3e80000,0x00000000e4dff538,0x00000000e4e80000)
  to   space 18432K, 0% used [0x00000000ecb00000,0x00000000ecb00000,0x00000000edd00000)
 ParOldGen       total 47616K, used 18417K [0x0000000080c00000, 0x0000000083a80000, 0x00000000d5980000)
  object space 47616K, 38% used [0x0000000080c00000,0x0000000081dfc540,0x0000000083a80000)
 Metaspace       used 34544K, capacity 35402K, committed 35496K, reserved 1081344K
  class space    used 4433K, capacity 4627K, committed 4656K, reserved 1048576K
}
Event: 6.701 GC heap before
{Heap before GC invocations=11 (full 2):
 PSYoungGen      total 250880K, used 15869K [0x00000000d5980000, 0x00000000edd00000, 0x0000000100000000)
  eden space 234496K, 0% used [0x00000000d5980000,0x00000000d5980000,0x00000000e3e80000)
  from space 16384K, 96% used [0x00000000e3e80000,0x00000000e4dff538,0x00000000e4e80000)
  to   space 18432K, 0% used [0x00000000ecb00000,0x00000000ecb00000,0x00000000edd00000)
 ParOldGen       total 47616K, used 18417K [0x0000000080c00000, 0x0000000083a80000, 0x00000000d5980000)
  object space 47616K, 38% used [0x0000000080c00000,0x0000000081dfc540,0x0000000083a80000)
 Metaspace       used 34544K, capacity 35402K, committed 35496K, reserved 1081344K
  class space    used 4433K, capacity 4627K, committed 4656K, reserved 1048576K
Event: 6.787 GC heap after
Heap after GC invocations=11 (full 2):
 PSYoungGen      total 250880K, used 0K [0x00000000d5980000, 0x00000000edd00000, 0x0000000100000000)
  eden space 234496K, 0% used [0x00000000d5980000,0x00000000d5980000,0x00000000e3e80000)
  from space 16384K, 0% used [0x00000000e3e80000,0x00000000e3e80000,0x00000000e4e80000)
  to   space 18432K, 0% used [0x00000000ecb00000,0x00000000ecb00000,0x00000000edd00000)
 ParOldGen       total 78336K, used 28049K [0x0000000080c00000, 0x0000000085880000, 0x00000000d5980000)
  object space 78336K, 35% used [0x0000000080c00000,0x0000000082764468,0x0000000085880000)
 Metaspace       used 34544K, capacity 35402K, committed 35496K, reserved 1081344K
  class space    used 4433K, capacity 4627K, committed 4656K, reserved 1048576K
}

