# JRE version: Java(TM) SE Runtime Environment (8.0_151-b12) (build 1.8.0_151-b12)
# Java VM: Java HotSpot(TM) 64-Bit Server VM (25.151-b12 mixed mode windows-amd64 compressed oops)
Heap:
 PSYoungGen      total 485376K, used 39868K [0x00000000d5980000, 0x00000000fd080000, 0x0000000100000000)
  eden space 467456K, 8% used [0x00000000d5980000,0x00000000d806f058,0x00000000f2200000)
  from space 17920K, 0% used [0x00000000f2200000,0x00000000f2200000,0x00000000f3380000)
  to   space 17408K, 0% used [0x00000000fbf80000,0x00000000fbf80000,0x00000000fd080000)
 ParOldGen       total 78336K, used 47616K [0x0000000080c00000, 0x0000000085880000, 0x00000000d5980000)
  object space 78336K, 60% used [0x0000000080c00000,0x0000000083a801b8,0x0000000085880000)
 Metaspace       used 57732K, capacity 59408K, committed 59540K, reserved 1101824K
  class space    used 6808K, capacity 7094K, committed 7128K, reserved 1048576K
GC Heap History (10 events):
Event: 5.951 GC heap before
{Heap before GC invocations=12 (full 2):
 PSYoungGen      total 256000K, used 239616K [0x00000000d5980000, 0x00000000ed800000, 0x0000000100000000)
  eden space 239616K, 100% used [0x00000000d5980000,0x00000000e4380000,0x00000000e4380000)
  from space 16384K, 0% used [0x00000000e4380000,0x00000000e4380000,0x00000000e5380000)
  to   space 18432K, 0% used [0x00000000ec600000,0x00000000ec600000,0x00000000ed800000)
 ParOldGen       total 78336K, used 23778K [0x0000000080c00000, 0x0000000085880000, 0x00000000d5980000)
  object space 78336K, 30% used [0x0000000080c00000,0x00000000823388e8,0x0000000085880000)
 Metaspace       used 41446K, capacity 42514K, committed 42712K, reserved 1087488K
  class space    used 5264K, capacity 5479K, committed 5592K, reserved 1048576K
Event: 5.963 GC heap after
Heap after GC invocations=12 (full 2):
 PSYoungGen      total 347648K, used 9845K [0x00000000d5980000, 0x00000000ed000000, 0x0000000100000000)
  eden space 337408K, 0% used [0x00000000d5980000,0x00000000d5980000,0x00000000ea300000)
  from space 10240K, 96% used [0x00000000ec600000,0x00000000ecf9d770,0x00000000ed000000)
  to   space 17920K, 0% used [0x00000000ead00000,0x00000000ead00000,0x00000000ebe80000)
 ParOldGen       total 78336K, used 23778K [0x0000000080c00000, 0x0000000085880000, 0x00000000d5980000)
  object space 78336K, 30% used [0x0000000080c00000,0x00000000823388e8,0x0000000085880000)
 Metaspace       used 41446K, capacity 42514K, committed 42712K, reserved 1087488K
  class space    used 5264K, capacity 5479K, committed 5592K, reserved 1048576K
}
Event: 7.333 GC heap before
{Heap before GC invocations=13 (full 2):
 PSYoungGen      total 347648K, used 347253K [0x00000000d5980000, 0x00000000ed000000, 0x0000000100000000)
  eden space 337408K, 100% used [0x00000000d5980000,0x00000000ea300000,0x00000000ea300000)
  from space 10240K, 96% used [0x00000000ec600000,0x00000000ecf9d770,0x00000000ed000000)
  to   space 17920K, 0% used [0x00000000ead00000,0x00000000ead00000,0x00000000ebe80000)
 ParOldGen       total 78336K, used 23778K [0x0000000080c00000, 0x0000000085880000, 0x00000000d5980000)
  object space 78336K, 30% used [0x0000000080c00000,0x00000000823388e8,0x0000000085880000)
 Metaspace       used 44874K, capacity 46222K, committed 46424K, reserved 1089536K
  class space    used 5624K, capacity 5887K, committed 5976K, reserved 1048576K
Event: 7.360 GC heap after
Heap after GC invocations=13 (full 2):
 PSYoungGen      total 365568K, used 10993K [0x00000000d5980000, 0x00000000f4500000, 0x0000000100000000)
  eden space 347648K, 0% used [0x00000000d5980000,0x00000000d5980000,0x00000000ead00000)
  from space 17920K, 61% used [0x00000000ead00000,0x00000000eb7bc5a0,0x00000000ebe80000)
  to   space 17920K, 0% used [0x00000000f3380000,0x00000000f3380000,0x00000000f4500000)
 ParOldGen       total 78336K, used 29298K [0x0000000080c00000, 0x0000000085880000, 0x00000000d5980000)
  object space 78336K, 37% used [0x0000000080c00000,0x000000008289c958,0x0000000085880000)
 Metaspace       used 44874K, capacity 46222K, committed 46424K, reserved 1089536K
  class space    used 5624K, capacity 5887K, committed 5976K, reserved 1048576K
}
Event: 9.864 GC heap before
{Heap before GC invocations=14 (full 2):
 PSYoungGen      total 365568K, used 358641K [0x00000000d5980000, 0x00000000f4500000, 0x0000000100000000)
  eden space 347648K, 100% used [0x00000000d5980000,0x00000000ead00000,0x00000000ead00000)
  from space 17920K, 61% used [0x00000000ead00000,0x00000000eb7bc5a0,0x00000000ebe80000)
  to   space 17920K, 0% used [0x00000000f3380000,0x00000000f3380000,0x00000000f4500000)
 ParOldGen       total 78336K, used 29298K [0x0000000080c00000, 0x0000000085880000, 0x00000000d5980000)
  object space 78336K, 37% used [0x0000000080c00000,0x000000008289c958,0x0000000085880000)
 Metaspace       used 54419K, capacity 55916K, committed 56280K, reserved 1099776K
  class space    used 6516K, capacity 6784K, committed 6872K, reserved 1048576K
Event: 9.877 GC heap after
Heap after GC invocations=14 (full 2):
 PSYoungGen      total 485376K, used 11972K [0x00000000d5980000, 0x00000000f4700000, 0x0000000100000000)
  eden space 467456K, 0% used [0x00000000d5980000,0x00000000d5980000,0x00000000f2200000)
  from space 17920K, 66% used [0x00000000f3380000,0x00000000f3f310f8,0x00000000f4500000)
  to   space 17920K, 0% used [0x00000000f2200000,0x00000000f2200000,0x00000000f3380000)
 ParOldGen       total 78336K, used 37476K [0x0000000080c00000, 0x0000000085880000, 0x00000000d5980000)
  object space 78336K, 47% used [0x0000000080c00000,0x0000000083099388,0x0000000085880000)
 Metaspace       used 54419K, capacity 55916K, committed 56280K, reserved 1099776K
  class space    used 6516K, capacity 6784K, committed 6872K, reserved 1048576K
}
Event: 35.018 GC heap before
{Heap before GC invocations=15 (full 2):
 PSYoungGen      total 485376K, used 389789K [0x00000000d5980000, 0x00000000f4700000, 0x0000000100000000)
  eden space 467456K, 80% used [0x00000000d5980000,0x00000000eca76630,0x00000000f2200000)
  from space 17920K, 66% used [0x00000000f3380000,0x00000000f3f310f8,0x00000000f4500000)
  to   space 17920K, 0% used [0x00000000f2200000,0x00000000f2200000,0x00000000f3380000)
 ParOldGen       total 78336K, used 37476K [0x0000000080c00000, 0x0000000085880000, 0x00000000d5980000)
  object space 78336K, 47% used [0x0000000080c00000,0x0000000083099388,0x0000000085880000)
 Metaspace       used 57264K, capacity 58802K, committed 59028K, reserved 1101824K
  class space    used 6748K, capacity 7019K, committed 7128K, reserved 1048576K
Event: 35.033 GC heap after
Heap after GC invocations=15 (full 2):
 PSYoungGen      total 485376K, used 8169K [0x00000000d5980000, 0x00000000fd080000, 0x0000000100000000)
  eden space 467456K, 0% used [0x00000000d5980000,0x00000000d5980000,0x00000000f2200000)
  from space 17920K, 45% used [0x00000000f2200000,0x00000000f29fa6f0,0x00000000f3380000)
  to   space 17408K, 0% used [0x00000000fbf80000,0x00000000fbf80000,0x00000000fd080000)
 ParOldGen       total 78336K, used 43806K [0x0000000080c00000, 0x0000000085880000, 0x00000000d5980000)
  object space 78336K, 55% used [0x0000000080c00000,0x00000000836c7a38,0x0000000085880000)
 Metaspace       used 57264K, capacity 58802K, committed 59028K, reserved 1101824K
  class space    used 6748K, capacity 7019K, committed 7128K, reserved 1048576K
}
Event: 35.033 GC heap before
{Heap before GC invocations=16 (full 3):
 PSYoungGen      total 485376K, used 8169K [0x00000000d5980000, 0x00000000fd080000, 0x0000000100000000)
  eden space 467456K, 0% used [0x00000000d5980000,0x00000000d5980000,0x00000000f2200000)
  from space 17920K, 45% used [0x00000000f2200000,0x00000000f29fa6f0,0x00000000f3380000)
  to   space 17408K, 0% used [0x00000000fbf80000,0x00000000fbf80000,0x00000000fd080000)
 ParOldGen       total 78336K, used 43806K [0x0000000080c00000, 0x0000000085880000, 0x00000000d5980000)
  object space 78336K, 55% used [0x0000000080c00000,0x00000000836c7a38,0x0000000085880000)
 Metaspace       used 57264K, capacity 58802K, committed 59028K, reserved 1101824K
  class space    used 6748K, capacity 7019K, committed 7128K, reserved 1048576K
Event: 35.251 GC heap after
Heap after GC invocations=16 (full 3):
 PSYoungGen      total 485376K, used 0K [0x00000000d5980000, 0x00000000fd080000, 0x0000000100000000)
  eden space 467456K, 0% used [0x00000000d5980000,0x00000000d5980000,0x00000000f2200000)
  from space 17920K, 0% used [0x00000000f2200000,0x00000000f2200000,0x00000000f3380000)
  to   space 17408K, 0% used [0x00000000fbf80000,0x00000000fbf80000,0x00000000fd080000)
 ParOldGen       total 78336K, used 47616K [0x0000000080c00000, 0x0000000085880000, 0x00000000d5980000)
  object space 78336K, 60% used [0x0000000080c00000,0x0000000083a801b8,0x0000000085880000)
 Metaspace       used 57264K, capacity 58802K, committed 59028K, reserved 1101824K
  class space    used 6748K, capacity 7019K, committed 7128K, reserved 1048576K
}

