# JRE version: Java(TM) SE Runtime Environment (8.0_151-b12) (build 1.8.0_151-b12)
# Java VM: Java HotSpot(TM) 64-Bit Server VM (25.151-b12 mixed mode windows-amd64 compressed oops)
Heap:
 PSYoungGen      total 669696K, used 29686K [0x00000000d5980000, 0x0000000100000000, 0x0000000100000000)
  eden space 645632K, 2% used [0x00000000d5980000,0x00000000d675a490,0x00000000fd000000)
  from space 24064K, 64% used [0x00000000fe880000,0x00000000ff7a3678,0x0000000100000000)
  to   space 24576K, 0% used [0x00000000fd000000,0x00000000fd000000,0x00000000fe800000)
 ParOldGen       total 130048K, used 47887K [0x0000000080c00000, 0x0000000088b00000, 0x00000000d5980000)
  object space 130048K, 36% used [0x0000000080c00000,0x0000000083ac3e40,0x0000000088b00000)
 Metaspace       used 63744K, capacity 65660K, committed 65968K, reserved 1107968K
  class space    used 7651K, capacity 8022K, committed 8112K, reserved 1048576K
GC Heap History (10 events):
Event: 8.787 GC heap before
{Heap before GC invocations=11 (full 2):
 PSYoungGen      total 420352K, used 419968K [0x00000000d5980000, 0x00000000f1900000, 0x0000000100000000)
  eden space 409600K, 100% used [0x00000000d5980000,0x00000000ee980000,0x00000000ee980000)
  from space 10752K, 96% used [0x00000000f0e80000,0x00000000f18a03b8,0x00000000f1900000)
  to   space 18944K, 0% used [0x00000000ef400000,0x00000000ef400000,0x00000000f0680000)
 ParOldGen       total 90624K, used 27933K [0x0000000080c00000, 0x0000000086480000, 0x00000000d5980000)
  object space 90624K, 30% used [0x0000000080c00000,0x0000000082747640,0x0000000086480000)
 Metaspace       used 46797K, capacity 48168K, committed 48432K, reserved 1091584K
  class space    used 5838K, capacity 6084K, committed 6192K, reserved 1048576K
Event: 8.808 GC heap after
Heap after GC invocations=11 (full 2):
 PSYoungGen      total 439296K, used 18919K [0x00000000d5980000, 0x00000000f9400000, 0x0000000100000000)
  eden space 420352K, 0% used [0x00000000d5980000,0x00000000d5980000,0x00000000ef400000)
  from space 18944K, 99% used [0x00000000ef400000,0x00000000f0679dc8,0x00000000f0680000)
  to   space 22016K, 0% used [0x00000000f7e80000,0x00000000f7e80000,0x00000000f9400000)
 ParOldGen       total 90624K, used 28800K [0x0000000080c00000, 0x0000000086480000, 0x00000000d5980000)
  object space 90624K, 31% used [0x0000000080c00000,0x0000000082820358,0x0000000086480000)
 Metaspace       used 46797K, capacity 48168K, committed 48432K, reserved 1091584K
  class space    used 5838K, capacity 6084K, committed 6192K, reserved 1048576K
}
Event: 11.520 GC heap before
{Heap before GC invocations=12 (full 2):
 PSYoungGen      total 439296K, used 439271K [0x00000000d5980000, 0x00000000f9400000, 0x0000000100000000)
  eden space 420352K, 100% used [0x00000000d5980000,0x00000000ef400000,0x00000000ef400000)
  from space 18944K, 99% used [0x00000000ef400000,0x00000000f0679dc8,0x00000000f0680000)
  to   space 22016K, 0% used [0x00000000f7e80000,0x00000000f7e80000,0x00000000f9400000)
 ParOldGen       total 90624K, used 28800K [0x0000000080c00000, 0x0000000086480000, 0x00000000d5980000)
  object space 90624K, 31% used [0x0000000080c00000,0x0000000082820358,0x0000000086480000)
 Metaspace       used 55523K, capacity 57050K, committed 57392K, reserved 1099776K
  class space    used 6585K, capacity 6875K, committed 6960K, reserved 1048576K
Event: 11.538 GC heap after
Heap after GC invocations=12 (full 2):
 PSYoungGen      total 559104K, used 21021K [0x00000000d5980000, 0x00000000f9b00000, 0x0000000100000000)
  eden space 537088K, 0% used [0x00000000d5980000,0x00000000d5980000,0x00000000f6600000)
  from space 22016K, 95% used [0x00000000f7e80000,0x00000000f9307550,0x00000000f9400000)
  to   space 25088K, 0% used [0x00000000f6600000,0x00000000f6600000,0x00000000f7e80000)
 ParOldGen       total 90624K, used 34452K [0x0000000080c00000, 0x0000000086480000, 0x00000000d5980000)
  object space 90624K, 38% used [0x0000000080c00000,0x0000000082da53c8,0x0000000086480000)
 Metaspace       used 55523K, capacity 57050K, committed 57392K, reserved 1099776K
  class space    used 6585K, capacity 6875K, committed 6960K, reserved 1048576K
}
Event: 12.839 GC heap before
{Heap before GC invocations=13 (full 2):
 PSYoungGen      total 559104K, used 251332K [0x00000000d5980000, 0x00000000f9b00000, 0x0000000100000000)
  eden space 537088K, 42% used [0x00000000d5980000,0x00000000e3a69e60,0x00000000f6600000)
  from space 22016K, 95% used [0x00000000f7e80000,0x00000000f9307550,0x00000000f9400000)
  to   space 25088K, 0% used [0x00000000f6600000,0x00000000f6600000,0x00000000f7e80000)
 ParOldGen       total 90624K, used 34452K [0x0000000080c00000, 0x0000000086480000, 0x00000000d5980000)
  object space 90624K, 38% used [0x0000000080c00000,0x0000000082da53c8,0x0000000086480000)
 Metaspace       used 57450K, capacity 59020K, committed 59160K, reserved 1101824K
  class space    used 6772K, capacity 7060K, committed 7088K, reserved 1048576K
Event: 12.865 GC heap after
Heap after GC invocations=13 (full 2):
 PSYoungGen      total 562176K, used 13095K [0x00000000d5980000, 0x0000000100000000, 0x0000000100000000)
  eden space 537088K, 0% used [0x00000000d5980000,0x00000000d5980000,0x00000000f6600000)
  from space 25088K, 52% used [0x00000000f6600000,0x00000000f72c9c40,0x00000000f7e80000)
  to   space 24064K, 0% used [0x00000000fe880000,0x00000000fe880000,0x0000000100000000)
 ParOldGen       total 90624K, used 43846K [0x0000000080c00000, 0x0000000086480000, 0x00000000d5980000)
  object space 90624K, 48% used [0x0000000080c00000,0x00000000836d1840,0x0000000086480000)
 Metaspace       used 57450K, capacity 59020K, committed 59160K, reserved 1101824K
  class space    used 6772K, capacity 7060K, committed 7088K, reserved 1048576K
}
Event: 12.865 GC heap before
{Heap before GC invocations=14 (full 3):
 PSYoungGen      total 562176K, used 13095K [0x00000000d5980000, 0x0000000100000000, 0x0000000100000000)
  eden space 537088K, 0% used [0x00000000d5980000,0x00000000d5980000,0x00000000f6600000)
  from space 25088K, 52% used [0x00000000f6600000,0x00000000f72c9c40,0x00000000f7e80000)
  to   space 24064K, 0% used [0x00000000fe880000,0x00000000fe880000,0x0000000100000000)
 ParOldGen       total 90624K, used 43846K [0x0000000080c00000, 0x0000000086480000, 0x00000000d5980000)
  object space 90624K, 48% used [0x0000000080c00000,0x00000000836d1840,0x0000000086480000)
 Metaspace       used 57450K, capacity 59020K, committed 59160K, reserved 1101824K
  class space    used 6772K, capacity 7060K, committed 7088K, reserved 1048576K
Event: 13.073 GC heap after
Heap after GC invocations=14 (full 3):
 PSYoungGen      total 562176K, used 0K [0x00000000d5980000, 0x0000000100000000, 0x0000000100000000)
  eden space 537088K, 0% used [0x00000000d5980000,0x00000000d5980000,0x00000000f6600000)
  from space 25088K, 0% used [0x00000000f6600000,0x00000000f6600000,0x00000000f7e80000)
  to   space 24064K, 0% used [0x00000000fe880000,0x00000000fe880000,0x0000000100000000)
 ParOldGen       total 130048K, used 47887K [0x0000000080c00000, 0x0000000088b00000, 0x00000000d5980000)
  object space 130048K, 36% used [0x0000000080c00000,0x0000000083ac3e40,0x0000000088b00000)
 Metaspace       used 57450K, capacity 59020K, committed 59160K, reserved 1101824K
  class space    used 6772K, capacity 7060K, committed 7088K, reserved 1048576K
}
Event: 16.454 GC heap before
{Heap before GC invocations=15 (full 3):
 PSYoungGen      total 562176K, used 537088K [0x00000000d5980000, 0x0000000100000000, 0x0000000100000000)
  eden space 537088K, 100% used [0x00000000d5980000,0x00000000f6600000,0x00000000f6600000)
  from space 25088K, 0% used [0x00000000f6600000,0x00000000f6600000,0x00000000f7e80000)
  to   space 24064K, 0% used [0x00000000fe880000,0x00000000fe880000,0x0000000100000000)
 ParOldGen       total 130048K, used 47887K [0x0000000080c00000, 0x0000000088b00000, 0x00000000d5980000)
  object space 130048K, 36% used [0x0000000080c00000,0x0000000083ac3e40,0x0000000088b00000)
 Metaspace       used 63701K, capacity 65660K, committed 65968K, reserved 1107968K
  class space    used 7646K, capacity 8022K, committed 8112K, reserved 1048576K
Event: 16.483 GC heap after
Heap after GC invocations=15 (full 3):
 PSYoungGen      total 669696K, used 15501K [0x00000000d5980000, 0x0000000100000000, 0x0000000100000000)
  eden space 645632K, 0% used [0x00000000d5980000,0x00000000d5980000,0x00000000fd000000)
  from space 24064K, 64% used [0x00000000fe880000,0x00000000ff7a3678,0x0000000100000000)
  to   space 24576K, 0% used [0x00000000fd000000,0x00000000fd000000,0x00000000fe800000)
 ParOldGen       total 130048K, used 47887K [0x0000000080c00000, 0x0000000088b00000, 0x00000000d5980000)
  object space 130048K, 36% used [0x0000000080c00000,0x0000000083ac3e40,0x0000000088b00000)
 Metaspace       used 63701K, capacity 65660K, committed 65968K, reserved 1107968K
  class space    used 7646K, capacity 8022K, committed 8112K, reserved 1048576K
}

